{"numTotalTestSuites":61,"numPassedTestSuites":53,"numFailedTestSuites":8,"numPendingTestSuites":0,"numTotalTests":223,"numPassedTests":205,"numFailedTests":18,"numPendingTests":0,"numTodoTests":0,"snapshot":{"added":0,"failure":false,"filesAdded":0,"filesRemoved":0,"filesRemovedList":[],"filesUnmatched":0,"filesUpdated":0,"matched":0,"total":0,"unchecked":0,"uncheckedKeysByFile":[],"unmatched":0,"updated":0,"didUpdate":false},"startTime":1781263164596,"success":false,"testResults":[{"assertionResults":[{"ancestorTitles":["DocumentsPage"],"fullName":"DocumentsPage renders documents from the API","status":"passed","title":"renders documents from the API","duration":297.83250000000044,"failureMessages":[],"meta":{},"tags":[]},{"ancestorTitles":["DocumentsPage"],"fullName":"DocumentsPage renders empty state for an empty list","status":"passed","title":"renders empty state for an empty list","duration":88.78819999999905,"failureMessages":[],"meta":{},"tags":[]},{"ancestorTitles":["DocumentsPage"],"fullName":"DocumentsPage renders visible error code on API errors","status":"passed","title":"renders visible error code on API errors","duration":82.98929999999928,"failureMessages":[],"meta":{},"tags":[]},{"ancestorTitles":["DocumentsPage"],"fullName":"DocumentsPage renders search results with preview and source anchor","status":"passed","title":"renders search results with preview and source anchor","duration":855.330899999999,"failureMessages":[],"meta":{},"tags":[]},{"ancestorTitles":["DocumentsPage"],"fullName":"DocumentsPage ignores stale parallel search responses","status":"passed","title":"ignores stale parallel search responses","duration":156.04210000000057,"failureMessages":[],"meta":{},"tags":[]},{"ancestorTitles":["DocumentsPage"],"fullName":"DocumentsPage renders empty search state when no results are found","status":"passed","title":"renders empty search state when no results are found","duration":186.3137999999999,"failureMessages":[],"meta":{},"tags":[]},{"ancestorTitles":["DocumentsPage"],"fullName":"DocumentsPage renders search error state when search api fails","status":"passed","title":"renders search error state when search api fails","duration":167.90450000000055,"failureMessages":[],"meta":{},"tags":[]},{"ancestorTitles":["DocumentsPage"],"fullName":"DocumentsPage uploads a document through the queued import flow and refreshes the list","status":"passed","title":"uploads a document through the queued import flow and refreshes the list","duration":128.34880000000157,"failureMessages":[],"meta":{},"tags":[]},{"ancestorTitles":["DocumentsPage"],"fullName":"DocumentsPage renders normalized queued upload job status labels","status":"passed","title":"renders normalized queued upload job status labels","duration":107.84350000000086,"failureMessages":[],"meta":{},"tags":[]},{"ancestorTitles":["DocumentsPage"],"fullName":"DocumentsPage shows duplicate imports as existing documents instead of generic success","status":"passed","title":"shows duplicate imports as existing documents instead of generic success","duration":137.58560000000034,"failureMessages":[],"meta":{},"tags":[]},{"ancestorTitles":["DocumentsPage"],"fullName":"DocumentsPage maps ocr-required upload failures to a specific error title","status":"passed","title":"maps ocr-required upload failures to a specific error title","duration":77.42259999999987,"failureMessages":[],"meta":{},"tags":[]},{"ancestorTitles":["DocumentsPage"],"fullName":"DocumentsPage maps parser failures to a specific error title","status":"passed","title":"maps parser failures to a specific error title","duration":61.312199999998484,"failureMessages":[],"meta":{},"tags":[]},{"ancestorTitles":["DocumentsPage"],"fullName":"DocumentsPage maps upload validation errors from the backend with specific titles","status":"passed","title":"maps upload validation errors from the backend with specific titles","duration":119.96580000000176,"failureMessages":[],"meta":{},"tags":[]},{"ancestorTitles":["DocumentsPage"],"fullName":"DocumentsPage filters archived documents explicitly and does not expose a deleted filter","status":"passed","title":"filters archived documents explicitly and does not expose a deleted filter","duration":124.30439999999908,"failureMessages":[],"meta":{},"tags":[]}],"startTime":1781263175460,"endTime":1781263178052.3044,"status":"passed","message":"","name":"H:/WissenMai2026/frontend/src/tests/pages/DocumentsPage.test.jsx"},{"assertionResults":[{"ancestorTitles":["DocumentDetailPage"],"fullName":"DocumentDetailPage renders metadata, versions and chunk previews","status":"passed","title":"renders metadata, versions and chunk previews","duration":521.7267999999985,"failureMessages":[],"meta":{},"tags":[]},{"ancestorTitles":["DocumentDetailPage"],"fullName":"DocumentDetailPage renders API errors visibly","status":"passed","title":"renders API errors visibly","duration":59.3171999999995,"failureMessages":[],"meta":{},"tags":[]},{"ancestorTitles":["DocumentDetailPage"],"fullName":"DocumentDetailPage archives an active document and reloads the detail state","status":"passed","title":"archives an active document and reloads the detail state","duration":376.15329999999994,"failureMessages":[],"meta":{},"tags":[]},{"ancestorTitles":["DocumentDetailPage"],"fullName":"DocumentDetailPage deletes a document through soft delete and returns to the list","status":"passed","title":"deletes a document through soft delete and returns to the list","duration":197.47910000000047,"failureMessages":[],"meta":{},"tags":[]},{"ancestorTitles":["DocumentDetailPage"],"fullName":"DocumentDetailPage restores an archived document and reloads the detail state","status":"passed","title":"restores an archived document and reloads the detail state","duration":120.05659999999989,"failureMessages":[],"meta":{},"tags":[]}],"startTime":1781263175550,"endTime":1781263176825.0566,"status":"passed","message":"","name":"H:/WissenMai2026/frontend/src/tests/pages/DocumentDetailPage.test.jsx"},{"assertionResults":[{"ancestorTitles":["ChatPage"],"fullName":"ChatPage renders sessions and message history with citations","status":"passed","title":"renders sessions and message history with citations","duration":479.1698000000015,"failureMessages":[],"meta":{},"tags":[]},{"ancestorTitles":["ChatPage"],"fullName":"ChatPage creates a new session and sends a question to the real chat api contract","status":"passed","title":"creates a new session and sends a question to the real chat api contract","duration":771.6646999999994,"failureMessages":[],"meta":{},"tags":[]},{"ancestorTitles":["ChatPage"],"fullName":"ChatPage renders insufficient context with exact error format","status":"passed","title":"renders insufficient context with exact error format","duration":168.35590000000047,"failureMessages":[],"meta":{},"tags":[]},{"ancestorTitles":["ChatPage"],"fullName":"ChatPage renders CHAT_SESSION_NOT_FOUND with visible code","status":"passed","title":"renders CHAT_SESSION_NOT_FOUND with visible code","duration":23.17790000000059,"failureMessages":[],"meta":{},"tags":[]},{"ancestorTitles":["ChatPage"],"fullName":"ChatPage renders RETRIEVAL_FAILED with visible code","status":"passed","title":"renders RETRIEVAL_FAILED with visible code","duration":45.45210000000043,"failureMessages":[],"meta":{},"tags":[]},{"ancestorTitles":["ChatPage"],"fullName":"ChatPage renders LLM_UNAVAILABLE with visible code","status":"passed","title":"renders LLM_UNAVAILABLE with visible code","duration":57.533400000000256,"failureMessages":[],"meta":{},"tags":[]}],"startTime":1781263175478,"endTime":1781263177023.5334,"status":"passed","message":"","name":"H:/WissenMai2026/frontend/src/tests/pages/ChatPage.test.jsx"},{"assertionResults":[{"ancestorTitles":["AdminDiagnosticsPage"],"fullName":"AdminDiagnosticsPage blocks access without admin role","status":"passed","title":"blocks access without admin role","duration":71.2552999999998,"failureMessages":[],"meta":{},"tags":[]},{"ancestorTitles":["AdminDiagnosticsPage"],"fullName":"AdminDiagnosticsPage shows API down state","status":"passed","title":"shows API down state","duration":45.03150000000005,"failureMessages":[],"meta":{},"tags":[]},{"ancestorTitles":["AdminDiagnosticsPage"],"fullName":"AdminDiagnosticsPage renders degraded status visibly","status":"passed","title":"renders degraded status visibly","duration":60.26249999999982,"failureMessages":[],"meta":{},"tags":[]},{"ancestorTitles":["AdminDiagnosticsPage"],"fullName":"AdminDiagnosticsPage renders drift awareness concept, warning model and status indicators","status":"passed","title":"renders drift awareness concept, warning model and status indicators","duration":69.60090000000037,"failureMessages":[],"meta":{},"tags":[]},{"ancestorTitles":["AdminDiagnosticsPage"],"fullName":"AdminDiagnosticsPage renders diagnostics without sensitive content or admin actions","status":"passed","title":"renders diagnostics without sensitive content or admin actions","duration":81.16899999999987,"failureMessages":[],"meta":{},"tags":[]}],"startTime":1781263184138,"endTime":1781263184465.169,"status":"passed","message":"","name":"H:/WissenMai2026/frontend/src/tests/pages/AdminDiagnosticsPage.test.jsx"},{"assertionResults":[{"ancestorTitles":["DataQualityPage — loading"],"fullName":"DataQualityPage — loading shows loading indicator while fetching","status":"passed","title":"shows loading indicator while fetching","duration":83.76540000000023,"failureMessages":[],"meta":{},"tags":[]},{"ancestorTitles":["DataQualityPage — data loaded"],"fullName":"DataQualityPage — data loaded renders dashboard after load","status":"passed","title":"renders dashboard after load","duration":229.80859999999848,"failureMessages":[],"meta":{},"tags":[]},{"ancestorTitles":["DataQualityPage — data loaded"],"fullName":"DataQualityPage — data loaded shows run summary card","status":"passed","title":"shows run summary card","duration":109.41749999999956,"failureMessages":[],"meta":{},"tags":[]},{"ancestorTitles":["DataQualityPage — data loaded"],"fullName":"DataQualityPage — data loaded shows quality score badge","status":"passed","title":"shows quality score badge","duration":43.99419999999918,"failureMessages":[],"meta":{},"tags":[]},{"ancestorTitles":["DataQualityPage — data loaded"],"fullName":"DataQualityPage — data loaded shows total findings","status":"passed","title":"shows total findings","duration":70.08129999999983,"failureMessages":[],"meta":{},"tags":[]},{"ancestorTitles":["DataQualityPage — data loaded"],"fullName":"DataQualityPage — data loaded shows total runs","status":"passed","title":"shows total runs","duration":138.3191999999999,"failureMessages":[],"meta":{},"tags":[]},{"ancestorTitles":["DataQualityPage — data loaded"],"fullName":"DataQualityPage — data loaded shows severity breakdown","status":"passed","title":"shows severity breakdown","duration":70.0684999999994,"failureMessages":[],"meta":{},"tags":[]},{"ancestorTitles":["DataQualityPage — data loaded"],"fullName":"DataQualityPage — data loaded shows type breakdown","status":"passed","title":"shows type breakdown","duration":92.6218000000008,"failureMessages":[],"meta":{},"tags":[]},{"ancestorTitles":["DataQualityPage — data loaded"],"fullName":"DataQualityPage — data loaded shows lifecycle findings widget","status":"passed","title":"shows lifecycle findings widget","duration":97.60959999999977,"failureMessages":[],"meta":{},"tags":[]},{"ancestorTitles":["DataQualityPage — data loaded"],"fullName":"DataQualityPage — data loaded shows source status and orphan findings widgets","status":"passed","title":"shows source status and orphan findings widgets","duration":104.16059999999925,"failureMessages":[],"meta":{},"tags":[]},{"ancestorTitles":["DataQualityPage — data loaded"],"fullName":"DataQualityPage — data loaded shows quality score breakdown","status":"passed","title":"shows quality score breakdown","duration":83.85429999999906,"failureMessages":[],"meta":{},"tags":[]},{"ancestorTitles":["DataQualityPage — data loaded"],"fullName":"DataQualityPage — data loaded shows trend for recent runs","status":"passed","title":"shows trend for recent runs","duration":60.82409999999982,"failureMessages":[],"meta":{},"tags":[]},{"ancestorTitles":["DataQualityPage — data loaded"],"fullName":"DataQualityPage — data loaded renders findings table rows","status":"passed","title":"renders findings table rows","duration":26.113400000000183,"failureMessages":[],"meta":{},"tags":[]},{"ancestorTitles":["DataQualityPage — data loaded"],"fullName":"DataQualityPage — data loaded shows finding severity in each row","status":"passed","title":"shows finding severity in each row","duration":43.96559999999954,"failureMessages":[],"meta":{},"tags":[]},{"ancestorTitles":["DataQualityPage — data loaded"],"fullName":"DataQualityPage — data loaded shows finding type in each row","status":"passed","title":"shows finding type in each row","duration":34.352600000000166,"failureMessages":[],"meta":{},"tags":[]},{"ancestorTitles":["DataQualityPage — data loaded"],"fullName":"DataQualityPage — data loaded shows remediation text in each row","status":"passed","title":"shows remediation text in each row","duration":30.030499999998938,"failureMessages":[],"meta":{},"tags":[]},{"ancestorTitles":["DataQualityPage — empty"],"fullName":"DataQualityPage — empty shows empty message when no findings","status":"passed","title":"shows empty message when no findings","duration":61.30879999999888,"failureMessages":[],"meta":{},"tags":[]},{"ancestorTitles":["DataQualityPage — empty"],"fullName":"DataQualityPage — empty shows empty breakdown when no findings by severity","status":"passed","title":"shows empty breakdown when no findings by severity","duration":32.48569999999927,"failureMessages":[],"meta":{},"tags":[]},{"ancestorTitles":["DataQualityPage — error"],"fullName":"DataQualityPage — error shows error state when API fails","status":"passed","title":"shows error state when API fails","duration":17.084000000000742,"failureMessages":[],"meta":{},"tags":[]},{"ancestorTitles":["DataQualityPage — read-only"],"fullName":"DataQualityPage — read-only has no repair buttons","status":"passed","title":"has no repair buttons","duration":53.91539999999986,"failureMessages":[],"meta":{},"tags":[]},{"ancestorTitles":["DataQualityPage — filters"],"fullName":"DataQualityPage — filters calls API with severity filter when changed","status":"passed","title":"calls API with severity filter when changed","duration":71.54640000000109,"failureMessages":[],"meta":{},"tags":[]},{"ancestorTitles":["DataQualityPage — pagination"],"fullName":"DataQualityPage — pagination shows pagination when total > pageSize","status":"passed","title":"shows pagination when total > pageSize","duration":82.84790000000066,"failureMessages":[],"meta":{},"tags":[]},{"ancestorTitles":["DataQualityPage — pagination"],"fullName":"DataQualityPage — pagination does not show pagination when total <= pageSize","status":"passed","title":"does not show pagination when total <= pageSize","duration":47.3671000000013,"failureMessages":[],"meta":{},"tags":[]}],"startTime":1781263175477,"endTime":1781263177172.3672,"status":"passed","message":"","name":"H:/WissenMai2026/frontend/src/tests/pages/DataQualityPage.test.jsx"},{"assertionResults":[{"ancestorTitles":["DocumentCenterPage"],"fullName":"DocumentCenterPage renders loading state on mount","status":"passed","title":"renders loading state on mount","duration":392.51740000000063,"failureMessages":[],"meta":{},"tags":[]},{"ancestorTitles":["DocumentCenterPage"],"fullName":"DocumentCenterPage renders active documents from the API","status":"passed","title":"renders active documents from the API","duration":110.32660000000033,"failureMessages":[],"meta":{},"tags":[]},{"ancestorTitles":["DocumentCenterPage"],"fullName":"DocumentCenterPage shows correct document count in header","status":"passed","title":"shows correct document count in header","duration":202.1133000000009,"failureMessages":[],"meta":{},"tags":[]},{"ancestorTitles":["DocumentCenterPage"],"fullName":"DocumentCenterPage renders filter panel with status options","status":"passed","title":"renders filter panel with status options","duration":428.1689000000006,"failureMessages":[],"meta":{},"tags":[]},{"ancestorTitles":["DocumentCenterPage"],"fullName":"DocumentCenterPage filters to archived when Archiviert is selected","status":"passed","title":"filters to archived when Archiviert is selected","duration":261.46450000000004,"failureMessages":[],"meta":{},"tags":[]},{"ancestorTitles":["DocumentCenterPage"],"fullName":"DocumentCenterPage filters by search text in document title","status":"passed","title":"filters by search text in document title","duration":136.03750000000036,"failureMessages":[],"meta":{},"tags":[]},{"ancestorTitles":["DocumentCenterPage"],"fullName":"DocumentCenterPage shows empty state when no documents match the filter","status":"passed","title":"shows empty state when no documents match the filter","duration":105.6828000000005,"failureMessages":[],"meta":{},"tags":[]},{"ancestorTitles":["DocumentCenterPage"],"fullName":"DocumentCenterPage shows document detail in preview panel on row click","status":"passed","title":"shows document detail in preview panel on row click","duration":186.59859999999935,"failureMessages":[],"meta":{},"tags":[]},{"ancestorTitles":["DocumentCenterPage"],"fullName":"DocumentCenterPage shows empty preview panel when no document is selected","status":"passed","title":"shows empty preview panel when no document is selected","duration":84.96390000000065,"failureMessages":[],"meta":{},"tags":[]},{"ancestorTitles":["DocumentCenterPage"],"fullName":"DocumentCenterPage shows delete action only for archived documents","status":"passed","title":"shows delete action only for archived documents","duration":183.40769999999975,"failureMessages":[],"meta":{},"tags":[]},{"ancestorTitles":["DocumentCenterPage"],"fullName":"DocumentCenterPage shows confirmation dialog before archiving","status":"passed","title":"shows confirmation dialog before archiving","duration":292.0666999999994,"failureMessages":[],"meta":{},"tags":[]},{"ancestorTitles":["DocumentCenterPage"],"fullName":"DocumentCenterPage shows error state when API returns an error","status":"passed","title":"shows error state when API returns an error","duration":32.59589999999844,"failureMessages":[],"meta":{},"tags":[]},{"ancestorTitles":["DocumentCenterPage"],"fullName":"DocumentCenterPage sends correct API requests with auth headers","status":"passed","title":"sends correct API requests with auth headers","duration":51.53720000000067,"failureMessages":[],"meta":{},"tags":[]},{"ancestorTitles":["DocumentCenterPage"],"fullName":"DocumentCenterPage deselects document on second click of same row","status":"passed","title":"deselects document on second click of same row","duration":79.7536999999993,"failureMessages":[],"meta":{},"tags":[]}],"startTime":1781263175312,"endTime":1781263177859.7537,"status":"passed","message":"","name":"H:/WissenMai2026/frontend/src/tests/pages/DocumentCenterPage.test.jsx"},{"assertionResults":[{"ancestorTitles":["TopicsPage"],"fullName":"TopicsPage shows loading state initially","status":"passed","title":"shows loading state initially","duration":131.5722999999998,"failureMessages":[],"meta":{},"tags":[]},{"ancestorTitles":["TopicsPage"],"fullName":"TopicsPage renders topic list when API responds","status":"passed","title":"renders topic list when API responds","duration":227.52020000000084,"failureMessages":[],"meta":{},"tags":[]},{"ancestorTitles":["TopicsPage"],"fullName":"TopicsPage shows document count per topic","status":"passed","title":"shows document count per topic","duration":103.48909999999887,"failureMessages":[],"meta":{},"tags":[]},{"ancestorTitles":["TopicsPage"],"fullName":"TopicsPage shows topic count in header","status":"passed","title":"shows topic count in header","duration":60.50849999999991,"failureMessages":[],"meta":{},"tags":[]},{"ancestorTitles":["TopicsPage"],"fullName":"TopicsPage filters topics by search input","status":"passed","title":"filters topics by search input","duration":47.5604000000003,"failureMessages":[],"meta":{},"tags":[]},{"ancestorTitles":["TopicsPage"],"fullName":"TopicsPage shows empty state when search finds nothing","status":"passed","title":"shows empty state when search finds nothing","duration":101.04739999999947,"failureMessages":[],"meta":{},"tags":[]},{"ancestorTitles":["TopicsPage"],"fullName":"TopicsPage shows placeholder panel when no topic selected","status":"passed","title":"shows placeholder panel when no topic selected","duration":126.30589999999938,"failureMessages":[],"meta":{},"tags":[]},{"ancestorTitles":["TopicsPage"],"fullName":"TopicsPage loads detail when topic row is clicked","status":"passed","title":"loads detail when topic row is clicked","duration":314.97890000000007,"failureMessages":[],"meta":{},"tags":[]},{"ancestorTitles":["TopicsPage"],"fullName":"TopicsPage shows tags in detail panel","status":"passed","title":"shows tags in detail panel","duration":142.39140000000043,"failureMessages":[],"meta":{},"tags":[]},{"ancestorTitles":["TopicsPage"],"fullName":"TopicsPage deselects topic on second click","status":"passed","title":"deselects topic on second click","duration":347.08899999999994,"failureMessages":[],"meta":{},"tags":[]},{"ancestorTitles":["TopicsPage"],"fullName":"TopicsPage shows 404 placeholder when backend not available","status":"passed","title":"shows 404 placeholder when backend not available","duration":69.79989999999998,"failureMessages":[],"meta":{},"tags":[]},{"ancestorTitles":["TopicsPage"],"fullName":"TopicsPage shows error state on 500","status":"passed","title":"shows error state on 500","duration":44.59130000000005,"failureMessages":[],"meta":{},"tags":[]},{"ancestorTitles":["TopicsPage"],"fullName":"TopicsPage shows delete button in detail panel","status":"passed","title":"shows delete button in detail panel","duration":74.16979999999967,"failureMessages":[],"meta":{},"tags":[]},{"ancestorTitles":["TopicsPage"],"fullName":"TopicsPage shows confirmation dialog on delete click","status":"passed","title":"shows confirmation dialog on delete click","duration":135.35100000000057,"failureMessages":[],"meta":{},"tags":[]},{"ancestorTitles":["TopicsPage"],"fullName":"TopicsPage cancels delete dialog without calling API","status":"passed","title":"cancels delete dialog without calling API","duration":114.21200000000135,"failureMessages":[],"meta":{},"tags":[]},{"ancestorTitles":["TopicsPage"],"fullName":"TopicsPage sends auth header in API call","status":"passed","title":"sends auth header in API call","duration":15.22860000000037,"failureMessages":[],"meta":{},"tags":[]}],"startTime":1781263175534,"endTime":1781263177591.2285,"status":"passed","message":"","name":"H:/WissenMai2026/frontend/src/tests/pages/TopicsPage.test.jsx"},{"assertionResults":[{"ancestorTitles":["SearchPage"],"fullName":"SearchPage renders search input on mount","status":"passed","title":"renders search input on mount","duration":756.0701999999983,"failureMessages":[],"meta":{},"tags":[]},{"ancestorTitles":["SearchPage"],"fullName":"SearchPage shows empty hint before any search","status":"passed","title":"shows empty hint before any search","duration":63.26050000000032,"failureMessages":[],"meta":{},"tags":[]},{"ancestorTitles":["SearchPage"],"fullName":"SearchPage shows loading state while searching","status":"passed","title":"shows loading state while searching","duration":447.3569000000007,"failureMessages":[],"meta":{},"tags":[]},{"ancestorTitles":["SearchPage"],"fullName":"SearchPage renders results after search","status":"passed","title":"renders results after search","duration":480.61019999999917,"failureMessages":[],"meta":{},"tags":[]},{"ancestorTitles":["SearchPage"],"fullName":"SearchPage shows result count in header","status":"passed","title":"shows result count in header","duration":397.6214,"failureMessages":[],"meta":{},"tags":[]},{"ancestorTitles":["SearchPage"],"fullName":"SearchPage shows text preview in card","status":"passed","title":"shows text preview in card","duration":437.5545000000002,"failureMessages":[],"meta":{},"tags":[]},{"ancestorTitles":["SearchPage"],"fullName":"SearchPage shows Sehr relevant for high rank result","status":"passed","title":"shows Sehr relevant for high rank result","duration":362.3288999999986,"failureMessages":[],"meta":{},"tags":[]},{"ancestorTitles":["SearchPage"],"fullName":"SearchPage shows Relevant for medium rank result","status":"passed","title":"shows Relevant for medium rank result","duration":388.34449999999924,"failureMessages":[],"meta":{},"tags":[]},{"ancestorTitles":["SearchPage"],"fullName":"SearchPage shows Moeglicherweise relevant for low rank result","status":"passed","title":"shows Moeglicherweise relevant for low rank result","duration":375.98399999999856,"failureMessages":[],"meta":{},"tags":[]},{"ancestorTitles":["SearchPage"],"fullName":"SearchPage shows no-results message when empty array returned","status":"passed","title":"shows no-results message when empty array returned","duration":395.5683000000008,"failureMessages":[],"meta":{},"tags":[]},{"ancestorTitles":["SearchPage"],"fullName":"SearchPage shows error state on API failure","status":"passed","title":"shows error state on API failure","duration":383.85089999999946,"failureMessages":[],"meta":{},"tags":[]},{"ancestorTitles":["SearchPage"],"fullName":"SearchPage clears results on reset","status":"passed","title":"clears results on reset","duration":442.16640000000007,"failureMessages":[],"meta":{},"tags":[]},{"ancestorTitles":["SearchPage"],"fullName":"SearchPage document title links to document detail","status":"passed","title":"document title links to document detail","duration":374.1394,"failureMessages":[],"meta":{},"tags":[]},{"ancestorTitles":["SearchPage"],"fullName":"SearchPage sends auth header in search request","status":"passed","title":"sends auth header in search request","duration":341.4341000000004,"failureMessages":[],"meta":{},"tags":[]}],"startTime":1781263175454,"endTime":1781263181100.434,"status":"passed","message":"","name":"H:/WissenMai2026/frontend/src/tests/pages/SearchPage.test.jsx"},{"assertionResults":[{"ancestorTitles":["ImportCenterPage"],"fullName":"ImportCenterPage renders upload form in idle state","status":"passed","title":"renders upload form in idle state","duration":76.55519999999979,"failureMessages":[],"meta":{},"tags":[]},{"ancestorTitles":["ImportCenterPage"],"fullName":"ImportCenterPage shows error when submitting without a file","status":"passed","title":"shows error when submitting without a file","duration":26.977899999999863,"failureMessages":[],"meta":{},"tags":[]},{"ancestorTitles":["ImportCenterPage"],"fullName":"ImportCenterPage shows uploading phase while POST /documents/import is in-flight","status":"passed","title":"shows uploading phase while POST /documents/import is in-flight","duration":27.304399999999987,"failureMessages":[],"meta":{},"tags":[]},{"ancestorTitles":["ImportCenterPage"],"fullName":"ImportCenterPage shows success panel after completed import","status":"passed","title":"shows success panel after completed import","duration":60.85009999999966,"failureMessages":[],"meta":{},"tags":[]},{"ancestorTitles":["ImportCenterPage"],"fullName":"ImportCenterPage shows document id link after successful import","status":"passed","title":"shows document id link after successful import","duration":28.538700000000063,"failureMessages":[],"meta":{},"tags":[]},{"ancestorTitles":["ImportCenterPage"],"fullName":"ImportCenterPage shows chunk count after successful import","status":"passed","title":"shows chunk count after successful import","duration":58.44629999999961,"failureMessages":[],"meta":{},"tags":[]},{"ancestorTitles":["ImportCenterPage"],"fullName":"ImportCenterPage shows duplicate message for duplicate import","status":"passed","title":"shows duplicate message for duplicate import","duration":40.4978000000001,"failureMessages":[],"meta":{},"tags":[]},{"ancestorTitles":["ImportCenterPage"],"fullName":"ImportCenterPage shows error panel when job fails with OCR_REQUIRED","status":"passed","title":"shows error panel when job fails with OCR_REQUIRED","duration":27.434400000000096,"failureMessages":[],"meta":{},"tags":[]},{"ancestorTitles":["ImportCenterPage"],"fullName":"ImportCenterPage shows error panel when upload endpoint returns HTTP error","status":"passed","title":"shows error panel when upload endpoint returns HTTP error","duration":28.541000000000167,"failureMessages":[],"meta":{},"tags":[]},{"ancestorTitles":["ImportCenterPage"],"fullName":"ImportCenterPage reset button clears current state back to idle","status":"passed","title":"reset button clears current state back to idle","duration":74.15900000000056,"failureMessages":[],"meta":{},"tags":[]},{"ancestorTitles":["ImportCenterPage"],"fullName":"ImportCenterPage history table appears after first successful import","status":"passed","title":"history table appears after first successful import","duration":33.21510000000035,"failureMessages":[],"meta":{},"tags":[]},{"ancestorTitles":["ImportCenterPage"],"fullName":"ImportCenterPage history persists after reset and shows success status","status":"passed","title":"history persists after reset and shows success status","duration":61.93119999999999,"failureMessages":[],"meta":{},"tags":[]},{"ancestorTitles":["ImportCenterPage"],"fullName":"ImportCenterPage history shows error status after failed job","status":"passed","title":"history shows error status after failed job","duration":40.701999999999316,"failureMessages":[],"meta":{},"tags":[]},{"ancestorTitles":["ImportCenterPage"],"fullName":"ImportCenterPage subtitle updates to show number of imported documents","status":"passed","title":"subtitle updates to show number of imported documents","duration":33.00669999999991,"failureMessages":[],"meta":{},"tags":[]},{"ancestorTitles":["ImportCenterPage"],"fullName":"ImportCenterPage sends Authorization header with import request","status":"passed","title":"sends Authorization header with import request","duration":18.581099999999424,"failureMessages":[],"meta":{},"tags":[]}],"startTime":1781263181291,"endTime":1781263181927.581,"status":"passed","message":"","name":"H:/WissenMai2026/frontend/src/tests/pages/ImportCenterPage.test.jsx"},{"assertionResults":[{"ancestorTitles":["Auth bootstrap"],"fullName":"Auth bootstrap routes to login when no token exists","status":"passed","title":"routes to login when no token exists","duration":137.35269999999946,"failureMessages":[],"meta":{},"tags":[]},{"ancestorTitles":["Auth bootstrap"],"fullName":"Auth bootstrap shows precise backend-down state during bootstrap","status":"passed","title":"shows precise backend-down state during bootstrap","duration":451.8107,"failureMessages":[],"meta":{},"tags":[]},{"ancestorTitles":["Auth bootstrap"],"fullName":"Auth bootstrap retries bootstrap after transient backend-down state","status":"failed","title":"retries bootstrap after transient backend-down state","duration":1115.5728999999992,"failureMessages":["Error: Unable to find an element with the text: Keine Dokumente vorhanden. This could be because the text is broken up by multiple elements. In this case, you can provide a function for your text matcher to make your matcher more flexible.\n\nIgnored nodes: comments, script, style\n\u001b[36m<body>\u001b[39m\n  \u001b[36m<div>\u001b[39m\n    \u001b[36m<div\u001b[39m\n      \u001b[33mclass\u001b[39m=\u001b[32m\"shell\"\u001b[39m\n      \u001b[33mdata-testid\u001b[39m=\u001b[32m\"app-shell\"\u001b[39m\n    \u001b[36m>\u001b[39m\n      \u001b[36m<div\u001b[39m\n        \u001b[33mclass\u001b[39m=\u001b[32m\"shell__status-bar\"\u001b[39m\n        \u001b[33mdata-testid\u001b[39m=\u001b[32m\"status-bar\"\u001b[39m\n      \u001b[36m>\u001b[39m\n        \u001b[36m<span>\u001b[39m\n          \u001b[0mWorkspace: \u001b[0m\n          \u001b[36m<strong>\u001b[39m\n            \u001b[0mworkspace-1\u001b[0m\n          \u001b[36m</strong>\u001b[39m\n        \u001b[36m</span>\u001b[39m\n        \u001b[36m<span>\u001b[39m\n          \u001b[0mProvider: \u001b[0m\n          \u001b[36m<strong>\u001b[39m\n            \u001b[0m—\u001b[0m\n          \u001b[36m</strong>\u001b[39m\n        \u001b[36m</span>\u001b[39m\n        \u001b[36m<span>\u001b[39m\n          \u001b[0mAutonomie: \u001b[0m\n          \u001b[36m<strong>\u001b[39m\n            \u001b[0m—\u001b[0m\n          \u001b[36m</strong>\u001b[39m\n        \u001b[36m</span>\u001b[39m\n        \u001b[36m<span>\u001b[39m\n          \u001b[0mRelease: \u001b[0m\n          \u001b[36m<strong>\u001b[39m\n            \u001b[0m—\u001b[0m\n          \u001b[36m</strong>\u001b[39m\n        \u001b[36m</span>\u001b[39m\n      \u001b[36m</div>\u001b[39m\n      \u001b[36m<header\u001b[39m\n        \u001b[33mclass\u001b[39m=\u001b[32m\"shell__header\"\u001b[39m\n      \u001b[36m>\u001b[39m\n        \u001b[36m<div\u001b[39m\n          \u001b[33mclass\u001b[39m=\u001b[32m\"shell__brand\"\u001b[39m\n        \u001b[36m>\u001b[39m\n          \u001b[36m<svg\u001b[39m\n            \u001b[33maria-label\u001b[39m=\u001b[32m\"Deutsche Telekom\"\u001b[39m\n            \u001b[33mclass\u001b[39m=\u001b[32m\"shell__logo\"\u001b[39m\n            \u001b[33mfill\u001b[39m=\u001b[32m\"none\"\u001b[39m\n            \u001b[33mviewBox\u001b[39m=\u001b[32m\"0 0 34 34\"\u001b[39m\n            \u001b[33mxmlns\u001b[39m=\u001b[32m\"http://www.w3.org/2000/svg\"\u001b[39m\n          \u001b[36m>\u001b[39m\n            \u001b[36m<rect\u001b[39m\n              \u001b[33mfill\u001b[39m=\u001b[32m\"#E20074\"\u001b[39m\n              \u001b[33mheight\u001b[39m=\u001b[32m\"34\"\u001b[39m\n              \u001b[33mrx\u001b[39m=\u001b[32m\"6\"\u001b[39m\n              \u001b[33mwidth\u001b[39m=\u001b[32m\"34\"\u001b[39m\n            \u001b[36m/>\u001b[39m\n            \u001b[36m<path\u001b[39m\n              \u001b[33md\u001b[39m=\u001b[32m\"M7 10h20v4h-8v10h-4V14H7v-4z\"\u001b[39m\n              \u001b[33mfill\u001b[39m=\u001b[32m\"#FFFFFF\"\u001b[39m\n            \u001b[36m/>\u001b[39m\n          \u001b[36m</svg>\u001b[39m\n          \u001b[36m<div\u001b[39m\n            \u001b[33mclass\u001b[39m=\u001b[32m\"shell__title-group\"\u001b[39m\n          \u001b[36m>\u001b[39m\n            \u001b[36m<p\u001b[39m\n              \u001b[33mclass\u001b[39m=\u001b[32m\"shell__eyebrow\"\u001b[39m\n            \u001b[36m>\u001b[39m\n              \u001b[0mDeutsche Telekom\u001b[0m\n            \u001b[36m</p>\u001b[39m\n            \u001b[36m<span\u001b[39m\n              \u001b[33mclass\u001b[39m=\u001b[32m\"shell__app-name\"\u001b[39m\n            \u001b[36m>\u001b[39m\n              \u001b[0mJarvis\u001b[0m\n            \u001b[36m</span>\u001b[39m\n          \u001b[36m</div>\u001b[39m\n        \u001b[36m</div>\u001b[39m\n        \u001b[36m<nav\u001b[39m\n          \u001b[33maria-label\u001b[39m=\u001b[32m\"Hauptnavigation\"\u001b[39m\n        \u001b[36m>\u001b[39m\n          \u001b[36m<div\u001b[39m\n            \u001b[33mclass\u001b[39m=\u001b[32m\"shell__nav\"\u001b[39m\n          \u001b[36m>\u001b[39m\n            \u001b[36m<a\u001b[39m\n              \u001b[33mclass\u001b[39m=\u001b[32m\"nav-link\"\u001b[39m\n              \u001b[33mdata-discover\u001b[39m=\u001b[32m\"true\"\u001b[39m\n              \u001b[33mhref\u001b[39m=\u001b[32m\"/dashboard\"\u001b[39m\n            \u001b[36m>\u001b[39m\n              \u001b[0mDashboard\u001b[0m\n            \u001b[36m</a>\u001b[39m\n            \u001b[36m<a\u001b[39m\n              \u001b[33maria-current\u001b[39m=\u001b[32m\"page\"\u001b[39m\n              \u001b[33mclass\u001b[39m=\u001b[32m\"nav-link nav-link--active\"\u001b[39m\n              \u001b[33mdata-discover\u001b[39m=\u001b[32m\"true\"\u001b[39m\n              \u001b[33mhref\u001b[39m=\u001b[32m\"/documents\"\u001b[39m\n            \u001b[36m>\u001b[39m\n              \u001b[0mDokumente\u001b[0m\n            \u001b[36m</a>\u001b[39m\n            \u001b[36m<a\u001b[39m\n              \u001b[33mclass\u001b[39m=\u001b[32m\"nav-link\"\u001b[39m\n              \u001b[33mdata-discover\u001b[39m=\u001b[32m\"true\"\u001b[39m\n              \u001b[33mhref\u001b[39m=\u001b[32m\"/topics\"\u001b[39m\n            \u001b[36m>\u001b[39m\n              \u001b[0mThemen\u001b[0m\n            \u001b[36m</a>\u001b[39m\n            \u001b[36m<a\u001b[39m\n              \u001b[33mclass\u001b[39m=\u001b[32m\"nav-link\"\u001b[39m\n              \u001b[33mdata-discover\u001b[39m=\u001b[32m\"true\"\u001b[39m\n              \u001b[33mhref\u001b[39m=\u001b[32m\"/import\"\u001b[39m\n            \u001b[36m>\u001b[39m\n              \u001b[0mImport\u001b[0m\n            \u001b[36m</a>\u001b[39m\n            \u001b[36m<a\u001b[39m\n              \u001b[33mclass\u001b[39m=\u001b[32m\"nav-link\"\u001b[39m\n              \u001b[33mdata-discover\u001b[39m=\u001b[32m\"true\"\u001b[39m\n              \u001b[33mhref\u001b[39m=\u001b[32m\"/search\"\u001b[39m\n            \u001b[36m>\u001b[39m\n              \u001b[0mSuche\u001b[0m\n            \u001b[36m</a>\u001b[39m\n            \u001b[36m<a\u001b[39m\n              \u001b[33mclass\u001b[39m=\u001b[32m\"nav-link\"\u001b[39m\n              \u001b[33mdata-discover\u001b[39m=\u001b[32m\"true\"\u001b[39m\n              \u001b[33mhref\u001b[39m=\u001b[32m\"/rag\"\u001b[39m\n            \u001b[36m>\u001b[39m\n              \u001b[0mDatenanalyse\u001b[0m\n            \u001b[36m</a>\u001b[39m\n            \u001b[36m<a\u001b[39m\n              \u001b[33mclass\u001b[39m=\u001b[32m\"nav-link\"\u001b[39m\n              \u001b[33mdata-discover\u001b[39m=\u001b[32m\"true\"\u001b[39m\n              \u001b[33mhref\u001b[39m=\u001b[32m\"/drift\"\u001b[39m\n            \u001b[36m>\u001b[39m\n              \u001b[0mDrift\u001b[0m\n            \u001b[36m</a>\u001b[39m\n            \u001b[36m<a\u001b[39m\n              \u001b[33mclass\u001b[39m=\u001b[32m\"nav-link\"\u001b[39m\n              \u001b[33mdata-discover\u001b[39m=\u001b[32m\"true\"\u001b[39m\n              \u001b[33mhref\u001b[39m=\u001b[32m\"/settings\"\u001b[39m\n            \u001b[36m>\u001b[39m\n              \u001b[0mEinstellungen\u001b[0m\n            \u001b[36m</a>\u001b[39m\n          \u001b[36m</div>\u001b[39m\n        \u001b[36m</nav>\u001b[39m\n        \u001b[36m<div\u001b[39m\n          \u001b[33mclass\u001b[39m=\u001b[32m\"shell__session\"\u001b[39m\n        \u001b[36m>\u001b[39m\n          \u001b[36m<div\u001b[39m\n            \u001b[33mclass\u001b[39m=\u001b[32m\"shell__session-meta\"\u001b[39m\n          \u001b[36m>\u001b[39m\n            \u001b[36m<strong>\u001b[39m\n              \u001b[0madmin\u001b[0m\n            \u001b[36m</strong>\u001b[39m\n            \u001b[36m<span>\u001b[39m\n              \u001b[0mworkspace-1\u001b[0m\n            \u001b[36m</span>\u001b[39m\n          \u001b[36m</div>\u001b[39m\n          \u001b[36m<button\u001b[39m\n            \u001b[33mclass\u001b[39m=\u001b[32m\"button-secondary\"\u001b[39m\n            \u001b[33mtype\u001b[39m=\u001b[32m\"button\"\u001b[39m\n          \u001b[36m>\u001b[39m\n            \u001b[0mAbmelden\u001b[0m\n          \u001b[36m</button>\u001b[39m\n        \u001b[36m</div>\u001b[39m\n      \u001b[36m</header>\u001b[39m\n      \u001b[36m<main\u001b[39m\n        \u001b[33mclass\u001b[39m=\u001b[32m\"shell__content\"\u001b[39m\n        \u001b[33mdata-testid\u001b[39m=\u001b[32m\"workspace-ready\"\u001b[39m\n      \u001b[36m>\u001b[39m\n        \u001b[36m<div\u001b[39m\n          \u001b[33mclass\u001b[39m=\u001b[32m\"page-stack\"\u001b[39m\n          \u001b[33mstyle\u001b[39m=\u001b[32m\"height: 100%; display: flex; flex-direction: column;\"\u001b[39m\n        \u001b[36m>\u001b[39m\n          \u001b[36m<div\u001b[39m\n            \u001b[33mclass\u001b[39m=\u001b[32m\"page-header\"\u001b[39m\n          \u001b[36m>\u001b[39m\n            \u001b[36m<h1\u001b[39m\n              \u001b[33mclass\u001b[39m=\u001b[32m\"page-header__title\"\u001b[39m\n            \u001b[36m>\u001b[39m\n              \u001b[0mDokumente\u001b[0m\n            \u001b[36m</h1>\u001b[39m\n            \u001b[36m<span\u001b[39m\n              \u001b[33mclass\u001b[39m=\u001b[32m\"page-header__subtitle\"\u001b[39m\n            \u001b[36m>\u001b[39m\n              \u001b[0mWird geladen\u001b[0m\n            \u001b[36m</span>\u001b[39m\n          \u001b[36m</div>\u001b[39m\n          \u001b[36m<div\u001b[39m\n            \u001b[33mclass\u001b[39m=\u001b[32m\"doc-center-layout\"\u001b[39m\n            \u001b[33mstyle\u001b[39m=\u001b[32m\"display: flex; flex: 1 1 0%; gap: 12px; min-height: 0px; overflow: hidden; padding-bottom: 16px;\"\u001b[39m\n          \u001b[36m>\u001b[39m\n            \u001b[36m<aside\u001b[39m\n              \u001b[33mclass\u001b[39m=\u001b[32m\"doc-filter-panel panel\"\u001b[39m\n            \u001b[36m>\u001b[39m\n              \u001b[36m<div\u001b[39m\n                \u001b[33mclass\u001b[39m=\u001b[32m\"panel__header\"\u001b[39m\n              \u001b[36m>\u001b[39m\n                \u001b[36m<span\u001b[39m\n                  \u001b[33mclass\u001b[39m=\u001b[32m\"panel__eyebrow\"\u001b[39m\n                \u001b[36m>\u001b[39m\n                  \u001b[0mFilter\u001b[0m\n                \u001b[36m</span>\u001b[39m\n     ...\n    at waitForWrapper (H:\\WissenMai2026\\frontend\\node_modules\\@testing-library\\dom\\dist\\wait-for.js:163:27)\n    at H:\\WissenMai2026\\frontend\\node_modules\\@testing-library\\dom\\dist\\query-helpers.js:86:33\n    at H:/WissenMai2026/frontend/src/tests/auth/AuthBootstrap.test.jsx:119:25\n    at file:///H:/WissenMai2026/frontend/node_modules/@vitest/runner/dist/chunk-artifact.js:1903:20"],"meta":{},"tags":[]},{"ancestorTitles":["Auth bootstrap"],"fullName":"Auth bootstrap shows expired-session state on 401","status":"passed","title":"shows expired-session state on 401","duration":50.54229999999916,"failureMessages":[],"meta":{},"tags":[]},{"ancestorTitles":["Auth bootstrap"],"fullName":"Auth bootstrap rejects sessions without memberships","status":"passed","title":"rejects sessions without memberships","duration":11.779599999999846,"failureMessages":[],"meta":{},"tags":[]},{"ancestorTitles":["Auth bootstrap"],"fullName":"Auth bootstrap does not choose an implicit default workspace","status":"passed","title":"does not choose an implicit default workspace","duration":12.807099999999991,"failureMessages":[],"meta":{},"tags":[]},{"ancestorTitles":["Auth bootstrap"],"fullName":"Auth bootstrap rejects active workspace outside memberships","status":"passed","title":"rejects active workspace outside memberships","duration":10.27480000000105,"failureMessages":[],"meta":{},"tags":[]},{"ancestorTitles":["Auth bootstrap"],"fullName":"Auth bootstrap loads /auth/me before protected data and sets active workspace context","status":"failed","title":"loads /auth/me before protected data and sets active workspace context","duration":1091.7435999999998,"failureMessages":["Error: Unable to find an element with the text: Keine Dokumente vorhanden. This could be because the text is broken up by multiple elements. In this case, you can provide a function for your text matcher to make your matcher more flexible.\n\nIgnored nodes: comments, script, style\n\u001b[36m<body>\u001b[39m\n  \u001b[36m<div>\u001b[39m\n    \u001b[36m<div\u001b[39m\n      \u001b[33mclass\u001b[39m=\u001b[32m\"shell\"\u001b[39m\n      \u001b[33mdata-testid\u001b[39m=\u001b[32m\"app-shell\"\u001b[39m\n    \u001b[36m>\u001b[39m\n      \u001b[36m<div\u001b[39m\n        \u001b[33mclass\u001b[39m=\u001b[32m\"shell__status-bar\"\u001b[39m\n        \u001b[33mdata-testid\u001b[39m=\u001b[32m\"status-bar\"\u001b[39m\n      \u001b[36m>\u001b[39m\n        \u001b[36m<span>\u001b[39m\n          \u001b[0mWorkspace: \u001b[0m\n          \u001b[36m<strong>\u001b[39m\n            \u001b[0mworkspace-1\u001b[0m\n          \u001b[36m</strong>\u001b[39m\n        \u001b[36m</span>\u001b[39m\n        \u001b[36m<span>\u001b[39m\n          \u001b[0mProvider: \u001b[0m\n          \u001b[36m<strong>\u001b[39m\n            \u001b[0m—\u001b[0m\n          \u001b[36m</strong>\u001b[39m\n        \u001b[36m</span>\u001b[39m\n        \u001b[36m<span>\u001b[39m\n          \u001b[0mAutonomie: \u001b[0m\n          \u001b[36m<strong>\u001b[39m\n            \u001b[0m—\u001b[0m\n          \u001b[36m</strong>\u001b[39m\n        \u001b[36m</span>\u001b[39m\n        \u001b[36m<span>\u001b[39m\n          \u001b[0mRelease: \u001b[0m\n          \u001b[36m<strong>\u001b[39m\n            \u001b[0m—\u001b[0m\n          \u001b[36m</strong>\u001b[39m\n        \u001b[36m</span>\u001b[39m\n      \u001b[36m</div>\u001b[39m\n      \u001b[36m<header\u001b[39m\n        \u001b[33mclass\u001b[39m=\u001b[32m\"shell__header\"\u001b[39m\n      \u001b[36m>\u001b[39m\n        \u001b[36m<div\u001b[39m\n          \u001b[33mclass\u001b[39m=\u001b[32m\"shell__brand\"\u001b[39m\n        \u001b[36m>\u001b[39m\n          \u001b[36m<svg\u001b[39m\n            \u001b[33maria-label\u001b[39m=\u001b[32m\"Deutsche Telekom\"\u001b[39m\n            \u001b[33mclass\u001b[39m=\u001b[32m\"shell__logo\"\u001b[39m\n            \u001b[33mfill\u001b[39m=\u001b[32m\"none\"\u001b[39m\n            \u001b[33mviewBox\u001b[39m=\u001b[32m\"0 0 34 34\"\u001b[39m\n            \u001b[33mxmlns\u001b[39m=\u001b[32m\"http://www.w3.org/2000/svg\"\u001b[39m\n          \u001b[36m>\u001b[39m\n            \u001b[36m<rect\u001b[39m\n              \u001b[33mfill\u001b[39m=\u001b[32m\"#E20074\"\u001b[39m\n              \u001b[33mheight\u001b[39m=\u001b[32m\"34\"\u001b[39m\n              \u001b[33mrx\u001b[39m=\u001b[32m\"6\"\u001b[39m\n              \u001b[33mwidth\u001b[39m=\u001b[32m\"34\"\u001b[39m\n            \u001b[36m/>\u001b[39m\n            \u001b[36m<path\u001b[39m\n              \u001b[33md\u001b[39m=\u001b[32m\"M7 10h20v4h-8v10h-4V14H7v-4z\"\u001b[39m\n              \u001b[33mfill\u001b[39m=\u001b[32m\"#FFFFFF\"\u001b[39m\n            \u001b[36m/>\u001b[39m\n          \u001b[36m</svg>\u001b[39m\n          \u001b[36m<div\u001b[39m\n            \u001b[33mclass\u001b[39m=\u001b[32m\"shell__title-group\"\u001b[39m\n          \u001b[36m>\u001b[39m\n            \u001b[36m<p\u001b[39m\n              \u001b[33mclass\u001b[39m=\u001b[32m\"shell__eyebrow\"\u001b[39m\n            \u001b[36m>\u001b[39m\n              \u001b[0mDeutsche Telekom\u001b[0m\n            \u001b[36m</p>\u001b[39m\n            \u001b[36m<span\u001b[39m\n              \u001b[33mclass\u001b[39m=\u001b[32m\"shell__app-name\"\u001b[39m\n            \u001b[36m>\u001b[39m\n              \u001b[0mJarvis\u001b[0m\n            \u001b[36m</span>\u001b[39m\n          \u001b[36m</div>\u001b[39m\n        \u001b[36m</div>\u001b[39m\n        \u001b[36m<nav\u001b[39m\n          \u001b[33maria-label\u001b[39m=\u001b[32m\"Hauptnavigation\"\u001b[39m\n        \u001b[36m>\u001b[39m\n          \u001b[36m<div\u001b[39m\n            \u001b[33mclass\u001b[39m=\u001b[32m\"shell__nav\"\u001b[39m\n          \u001b[36m>\u001b[39m\n            \u001b[36m<a\u001b[39m\n              \u001b[33mclass\u001b[39m=\u001b[32m\"nav-link\"\u001b[39m\n              \u001b[33mdata-discover\u001b[39m=\u001b[32m\"true\"\u001b[39m\n              \u001b[33mhref\u001b[39m=\u001b[32m\"/dashboard\"\u001b[39m\n            \u001b[36m>\u001b[39m\n              \u001b[0mDashboard\u001b[0m\n            \u001b[36m</a>\u001b[39m\n            \u001b[36m<a\u001b[39m\n              \u001b[33maria-current\u001b[39m=\u001b[32m\"page\"\u001b[39m\n              \u001b[33mclass\u001b[39m=\u001b[32m\"nav-link nav-link--active\"\u001b[39m\n              \u001b[33mdata-discover\u001b[39m=\u001b[32m\"true\"\u001b[39m\n              \u001b[33mhref\u001b[39m=\u001b[32m\"/documents\"\u001b[39m\n            \u001b[36m>\u001b[39m\n              \u001b[0mDokumente\u001b[0m\n            \u001b[36m</a>\u001b[39m\n            \u001b[36m<a\u001b[39m\n              \u001b[33mclass\u001b[39m=\u001b[32m\"nav-link\"\u001b[39m\n              \u001b[33mdata-discover\u001b[39m=\u001b[32m\"true\"\u001b[39m\n              \u001b[33mhref\u001b[39m=\u001b[32m\"/topics\"\u001b[39m\n            \u001b[36m>\u001b[39m\n              \u001b[0mThemen\u001b[0m\n            \u001b[36m</a>\u001b[39m\n            \u001b[36m<a\u001b[39m\n              \u001b[33mclass\u001b[39m=\u001b[32m\"nav-link\"\u001b[39m\n              \u001b[33mdata-discover\u001b[39m=\u001b[32m\"true\"\u001b[39m\n              \u001b[33mhref\u001b[39m=\u001b[32m\"/import\"\u001b[39m\n            \u001b[36m>\u001b[39m\n              \u001b[0mImport\u001b[0m\n            \u001b[36m</a>\u001b[39m\n            \u001b[36m<a\u001b[39m\n              \u001b[33mclass\u001b[39m=\u001b[32m\"nav-link\"\u001b[39m\n              \u001b[33mdata-discover\u001b[39m=\u001b[32m\"true\"\u001b[39m\n              \u001b[33mhref\u001b[39m=\u001b[32m\"/search\"\u001b[39m\n            \u001b[36m>\u001b[39m\n              \u001b[0mSuche\u001b[0m\n            \u001b[36m</a>\u001b[39m\n            \u001b[36m<a\u001b[39m\n              \u001b[33mclass\u001b[39m=\u001b[32m\"nav-link\"\u001b[39m\n              \u001b[33mdata-discover\u001b[39m=\u001b[32m\"true\"\u001b[39m\n              \u001b[33mhref\u001b[39m=\u001b[32m\"/rag\"\u001b[39m\n            \u001b[36m>\u001b[39m\n              \u001b[0mDatenanalyse\u001b[0m\n            \u001b[36m</a>\u001b[39m\n            \u001b[36m<a\u001b[39m\n              \u001b[33mclass\u001b[39m=\u001b[32m\"nav-link\"\u001b[39m\n              \u001b[33mdata-discover\u001b[39m=\u001b[32m\"true\"\u001b[39m\n              \u001b[33mhref\u001b[39m=\u001b[32m\"/drift\"\u001b[39m\n            \u001b[36m>\u001b[39m\n              \u001b[0mDrift\u001b[0m\n            \u001b[36m</a>\u001b[39m\n            \u001b[36m<a\u001b[39m\n              \u001b[33mclass\u001b[39m=\u001b[32m\"nav-link\"\u001b[39m\n              \u001b[33mdata-discover\u001b[39m=\u001b[32m\"true\"\u001b[39m\n              \u001b[33mhref\u001b[39m=\u001b[32m\"/settings\"\u001b[39m\n            \u001b[36m>\u001b[39m\n              \u001b[0mEinstellungen\u001b[0m\n            \u001b[36m</a>\u001b[39m\n          \u001b[36m</div>\u001b[39m\n        \u001b[36m</nav>\u001b[39m\n        \u001b[36m<div\u001b[39m\n          \u001b[33mclass\u001b[39m=\u001b[32m\"shell__session\"\u001b[39m\n        \u001b[36m>\u001b[39m\n          \u001b[36m<div\u001b[39m\n            \u001b[33mclass\u001b[39m=\u001b[32m\"shell__session-meta\"\u001b[39m\n          \u001b[36m>\u001b[39m\n            \u001b[36m<strong>\u001b[39m\n              \u001b[0madmin\u001b[0m\n            \u001b[36m</strong>\u001b[39m\n            \u001b[36m<span>\u001b[39m\n              \u001b[0mworkspace-1\u001b[0m\n            \u001b[36m</span>\u001b[39m\n          \u001b[36m</div>\u001b[39m\n          \u001b[36m<button\u001b[39m\n            \u001b[33mclass\u001b[39m=\u001b[32m\"button-secondary\"\u001b[39m\n            \u001b[33mtype\u001b[39m=\u001b[32m\"button\"\u001b[39m\n          \u001b[36m>\u001b[39m\n            \u001b[0mAbmelden\u001b[0m\n          \u001b[36m</button>\u001b[39m\n        \u001b[36m</div>\u001b[39m\n      \u001b[36m</header>\u001b[39m\n      \u001b[36m<main\u001b[39m\n        \u001b[33mclass\u001b[39m=\u001b[32m\"shell__content\"\u001b[39m\n        \u001b[33mdata-testid\u001b[39m=\u001b[32m\"workspace-ready\"\u001b[39m\n      \u001b[36m>\u001b[39m\n        \u001b[36m<div\u001b[39m\n          \u001b[33mclass\u001b[39m=\u001b[32m\"page-stack\"\u001b[39m\n          \u001b[33mstyle\u001b[39m=\u001b[32m\"height: 100%; display: flex; flex-direction: column;\"\u001b[39m\n        \u001b[36m>\u001b[39m\n          \u001b[36m<div\u001b[39m\n            \u001b[33mclass\u001b[39m=\u001b[32m\"page-header\"\u001b[39m\n          \u001b[36m>\u001b[39m\n            \u001b[36m<h1\u001b[39m\n              \u001b[33mclass\u001b[39m=\u001b[32m\"page-header__title\"\u001b[39m\n            \u001b[36m>\u001b[39m\n              \u001b[0mDokumente\u001b[0m\n            \u001b[36m</h1>\u001b[39m\n            \u001b[36m<span\u001b[39m\n              \u001b[33mclass\u001b[39m=\u001b[32m\"page-header__subtitle\"\u001b[39m\n            \u001b[36m>\u001b[39m\n              \u001b[0m0 Dokumente im Bestand\u001b[0m\n            \u001b[36m</span>\u001b[39m\n          \u001b[36m</div>\u001b[39m\n          \u001b[36m<div\u001b[39m\n            \u001b[33mclass\u001b[39m=\u001b[32m\"doc-center-layout\"\u001b[39m\n            \u001b[33mstyle\u001b[39m=\u001b[32m\"display: flex; flex: 1 1 0%; gap: 12px; min-height: 0px; overflow: hidden; padding-bottom: 16px;\"\u001b[39m\n          \u001b[36m>\u001b[39m\n            \u001b[36m<aside\u001b[39m\n              \u001b[33mclass\u001b[39m=\u001b[32m\"doc-filter-panel panel\"\u001b[39m\n            \u001b[36m>\u001b[39m\n              \u001b[36m<div\u001b[39m\n                \u001b[33mclass\u001b[39m=\u001b[32m\"panel__header\"\u001b[39m\n              \u001b[36m>\u001b[39m\n                \u001b[36m<span\u001b[39m\n                  \u001b[33mclass\u001b[39m=\u001b[32m\"panel__eyebrow\"\u001b[39m\n                \u001b[36m>\u001b[39m\n                  \u001b[0mFilter\u001b[0m\n                \u001b[36m</span>\u001b...\n    at waitForWrapper (H:\\WissenMai2026\\frontend\\node_modules\\@testing-library\\dom\\dist\\wait-for.js:163:27)\n    at H:\\WissenMai2026\\frontend\\node_modules\\@testing-library\\dom\\dist\\query-helpers.js:86:33\n    at H:/WissenMai2026/frontend/src/tests/auth/AuthBootstrap.test.jsx:203:25\n    at file:///H:/WissenMai2026/frontend/node_modules/@vitest/runner/dist/chunk-artifact.js:302:11\n    at file:///H:/WissenMai2026/frontend/node_modules/@vitest/runner/dist/chunk-artifact.js:1903:26\n    at file:///H:/WissenMai2026/frontend/node_modules/@vitest/runner/dist/chunk-artifact.js:2326:20\n    at new Promise (<anonymous>)\n    at runWithCancel (file:///H:/WissenMai2026/frontend/node_modules/@vitest/runner/dist/chunk-artifact.js:2323:10)\n    at file:///H:/WissenMai2026/frontend/node_modules/@vitest/runner/dist/chunk-artifact.js:2305:20\n    at new Promise (<anonymous>)"],"meta":{},"tags":[]},{"ancestorTitles":["Auth bootstrap"],"fullName":"Auth bootstrap logs in, hydrates /auth/me, loads documents, searches and starts upload with workspace context","status":"failed","title":"logs in, hydrates /auth/me, loads documents, searches and starts upload with workspace context","duration":1092.4730999999992,"failureMessages":["Error: Unable to find an element with the text: Keine Dokumente vorhanden. This could be because the text is broken up by multiple elements. In this case, you can provide a function for your text matcher to make your matcher more flexible.\n\nIgnored nodes: comments, script, style\n\u001b[36m<body>\u001b[39m\n  \u001b[36m<div>\u001b[39m\n    \u001b[36m<div\u001b[39m\n      \u001b[33mclass\u001b[39m=\u001b[32m\"shell\"\u001b[39m\n      \u001b[33mdata-testid\u001b[39m=\u001b[32m\"app-shell\"\u001b[39m\n    \u001b[36m>\u001b[39m\n      \u001b[36m<div\u001b[39m\n        \u001b[33mclass\u001b[39m=\u001b[32m\"shell__status-bar\"\u001b[39m\n        \u001b[33mdata-testid\u001b[39m=\u001b[32m\"status-bar\"\u001b[39m\n      \u001b[36m>\u001b[39m\n        \u001b[36m<span>\u001b[39m\n          \u001b[0mWorkspace: \u001b[0m\n          \u001b[36m<strong>\u001b[39m\n            \u001b[0mworkspace-1\u001b[0m\n          \u001b[36m</strong>\u001b[39m\n        \u001b[36m</span>\u001b[39m\n        \u001b[36m<span>\u001b[39m\n          \u001b[0mProvider: \u001b[0m\n          \u001b[36m<strong>\u001b[39m\n            \u001b[0m—\u001b[0m\n          \u001b[36m</strong>\u001b[39m\n        \u001b[36m</span>\u001b[39m\n        \u001b[36m<span>\u001b[39m\n          \u001b[0mAutonomie: \u001b[0m\n          \u001b[36m<strong>\u001b[39m\n            \u001b[0m—\u001b[0m\n          \u001b[36m</strong>\u001b[39m\n        \u001b[36m</span>\u001b[39m\n        \u001b[36m<span>\u001b[39m\n          \u001b[0mRelease: \u001b[0m\n          \u001b[36m<strong>\u001b[39m\n            \u001b[0m—\u001b[0m\n          \u001b[36m</strong>\u001b[39m\n        \u001b[36m</span>\u001b[39m\n      \u001b[36m</div>\u001b[39m\n      \u001b[36m<header\u001b[39m\n        \u001b[33mclass\u001b[39m=\u001b[32m\"shell__header\"\u001b[39m\n      \u001b[36m>\u001b[39m\n        \u001b[36m<div\u001b[39m\n          \u001b[33mclass\u001b[39m=\u001b[32m\"shell__brand\"\u001b[39m\n        \u001b[36m>\u001b[39m\n          \u001b[36m<svg\u001b[39m\n            \u001b[33maria-label\u001b[39m=\u001b[32m\"Deutsche Telekom\"\u001b[39m\n            \u001b[33mclass\u001b[39m=\u001b[32m\"shell__logo\"\u001b[39m\n            \u001b[33mfill\u001b[39m=\u001b[32m\"none\"\u001b[39m\n            \u001b[33mviewBox\u001b[39m=\u001b[32m\"0 0 34 34\"\u001b[39m\n            \u001b[33mxmlns\u001b[39m=\u001b[32m\"http://www.w3.org/2000/svg\"\u001b[39m\n          \u001b[36m>\u001b[39m\n            \u001b[36m<rect\u001b[39m\n              \u001b[33mfill\u001b[39m=\u001b[32m\"#E20074\"\u001b[39m\n              \u001b[33mheight\u001b[39m=\u001b[32m\"34\"\u001b[39m\n              \u001b[33mrx\u001b[39m=\u001b[32m\"6\"\u001b[39m\n              \u001b[33mwidth\u001b[39m=\u001b[32m\"34\"\u001b[39m\n            \u001b[36m/>\u001b[39m\n            \u001b[36m<path\u001b[39m\n              \u001b[33md\u001b[39m=\u001b[32m\"M7 10h20v4h-8v10h-4V14H7v-4z\"\u001b[39m\n              \u001b[33mfill\u001b[39m=\u001b[32m\"#FFFFFF\"\u001b[39m\n            \u001b[36m/>\u001b[39m\n          \u001b[36m</svg>\u001b[39m\n          \u001b[36m<div\u001b[39m\n            \u001b[33mclass\u001b[39m=\u001b[32m\"shell__title-group\"\u001b[39m\n          \u001b[36m>\u001b[39m\n            \u001b[36m<p\u001b[39m\n              \u001b[33mclass\u001b[39m=\u001b[32m\"shell__eyebrow\"\u001b[39m\n            \u001b[36m>\u001b[39m\n              \u001b[0mDeutsche Telekom\u001b[0m\n            \u001b[36m</p>\u001b[39m\n            \u001b[36m<span\u001b[39m\n              \u001b[33mclass\u001b[39m=\u001b[32m\"shell__app-name\"\u001b[39m\n            \u001b[36m>\u001b[39m\n              \u001b[0mJarvis\u001b[0m\n            \u001b[36m</span>\u001b[39m\n          \u001b[36m</div>\u001b[39m\n        \u001b[36m</div>\u001b[39m\n        \u001b[36m<nav\u001b[39m\n          \u001b[33maria-label\u001b[39m=\u001b[32m\"Hauptnavigation\"\u001b[39m\n        \u001b[36m>\u001b[39m\n          \u001b[36m<div\u001b[39m\n            \u001b[33mclass\u001b[39m=\u001b[32m\"shell__nav\"\u001b[39m\n          \u001b[36m>\u001b[39m\n            \u001b[36m<a\u001b[39m\n              \u001b[33mclass\u001b[39m=\u001b[32m\"nav-link\"\u001b[39m\n              \u001b[33mdata-discover\u001b[39m=\u001b[32m\"true\"\u001b[39m\n              \u001b[33mhref\u001b[39m=\u001b[32m\"/dashboard\"\u001b[39m\n            \u001b[36m>\u001b[39m\n              \u001b[0mDashboard\u001b[0m\n            \u001b[36m</a>\u001b[39m\n            \u001b[36m<a\u001b[39m\n              \u001b[33maria-current\u001b[39m=\u001b[32m\"page\"\u001b[39m\n              \u001b[33mclass\u001b[39m=\u001b[32m\"nav-link nav-link--active\"\u001b[39m\n              \u001b[33mdata-discover\u001b[39m=\u001b[32m\"true\"\u001b[39m\n              \u001b[33mhref\u001b[39m=\u001b[32m\"/documents\"\u001b[39m\n            \u001b[36m>\u001b[39m\n              \u001b[0mDokumente\u001b[0m\n            \u001b[36m</a>\u001b[39m\n            \u001b[36m<a\u001b[39m\n              \u001b[33mclass\u001b[39m=\u001b[32m\"nav-link\"\u001b[39m\n              \u001b[33mdata-discover\u001b[39m=\u001b[32m\"true\"\u001b[39m\n              \u001b[33mhref\u001b[39m=\u001b[32m\"/topics\"\u001b[39m\n            \u001b[36m>\u001b[39m\n              \u001b[0mThemen\u001b[0m\n            \u001b[36m</a>\u001b[39m\n            \u001b[36m<a\u001b[39m\n              \u001b[33mclass\u001b[39m=\u001b[32m\"nav-link\"\u001b[39m\n              \u001b[33mdata-discover\u001b[39m=\u001b[32m\"true\"\u001b[39m\n              \u001b[33mhref\u001b[39m=\u001b[32m\"/import\"\u001b[39m\n            \u001b[36m>\u001b[39m\n              \u001b[0mImport\u001b[0m\n            \u001b[36m</a>\u001b[39m\n            \u001b[36m<a\u001b[39m\n              \u001b[33mclass\u001b[39m=\u001b[32m\"nav-link\"\u001b[39m\n              \u001b[33mdata-discover\u001b[39m=\u001b[32m\"true\"\u001b[39m\n              \u001b[33mhref\u001b[39m=\u001b[32m\"/search\"\u001b[39m\n            \u001b[36m>\u001b[39m\n              \u001b[0mSuche\u001b[0m\n            \u001b[36m</a>\u001b[39m\n            \u001b[36m<a\u001b[39m\n              \u001b[33mclass\u001b[39m=\u001b[32m\"nav-link\"\u001b[39m\n              \u001b[33mdata-discover\u001b[39m=\u001b[32m\"true\"\u001b[39m\n              \u001b[33mhref\u001b[39m=\u001b[32m\"/rag\"\u001b[39m\n            \u001b[36m>\u001b[39m\n              \u001b[0mDatenanalyse\u001b[0m\n            \u001b[36m</a>\u001b[39m\n            \u001b[36m<a\u001b[39m\n              \u001b[33mclass\u001b[39m=\u001b[32m\"nav-link\"\u001b[39m\n              \u001b[33mdata-discover\u001b[39m=\u001b[32m\"true\"\u001b[39m\n              \u001b[33mhref\u001b[39m=\u001b[32m\"/drift\"\u001b[39m\n            \u001b[36m>\u001b[39m\n              \u001b[0mDrift\u001b[0m\n            \u001b[36m</a>\u001b[39m\n            \u001b[36m<a\u001b[39m\n              \u001b[33mclass\u001b[39m=\u001b[32m\"nav-link\"\u001b[39m\n              \u001b[33mdata-discover\u001b[39m=\u001b[32m\"true\"\u001b[39m\n              \u001b[33mhref\u001b[39m=\u001b[32m\"/settings\"\u001b[39m\n            \u001b[36m>\u001b[39m\n              \u001b[0mEinstellungen\u001b[0m\n            \u001b[36m</a>\u001b[39m\n          \u001b[36m</div>\u001b[39m\n        \u001b[36m</nav>\u001b[39m\n        \u001b[36m<div\u001b[39m\n          \u001b[33mclass\u001b[39m=\u001b[32m\"shell__session\"\u001b[39m\n        \u001b[36m>\u001b[39m\n          \u001b[36m<div\u001b[39m\n            \u001b[33mclass\u001b[39m=\u001b[32m\"shell__session-meta\"\u001b[39m\n          \u001b[36m>\u001b[39m\n            \u001b[36m<strong>\u001b[39m\n              \u001b[0mLogin User\u001b[0m\n            \u001b[36m</strong>\u001b[39m\n            \u001b[36m<span>\u001b[39m\n              \u001b[0mworkspace-1\u001b[0m\n            \u001b[36m</span>\u001b[39m\n          \u001b[36m</div>\u001b[39m\n          \u001b[36m<button\u001b[39m\n            \u001b[33mclass\u001b[39m=\u001b[32m\"button-secondary\"\u001b[39m\n            \u001b[33mtype\u001b[39m=\u001b[32m\"button\"\u001b[39m\n          \u001b[36m>\u001b[39m\n            \u001b[0mAbmelden\u001b[0m\n          \u001b[36m</button>\u001b[39m\n        \u001b[36m</div>\u001b[39m\n      \u001b[36m</header>\u001b[39m\n      \u001b[36m<main\u001b[39m\n        \u001b[33mclass\u001b[39m=\u001b[32m\"shell__content\"\u001b[39m\n        \u001b[33mdata-testid\u001b[39m=\u001b[32m\"workspace-ready\"\u001b[39m\n      \u001b[36m>\u001b[39m\n        \u001b[36m<div\u001b[39m\n          \u001b[33mclass\u001b[39m=\u001b[32m\"page-stack\"\u001b[39m\n          \u001b[33mstyle\u001b[39m=\u001b[32m\"height: 100%; display: flex; flex-direction: column;\"\u001b[39m\n        \u001b[36m>\u001b[39m\n          \u001b[36m<div\u001b[39m\n            \u001b[33mclass\u001b[39m=\u001b[32m\"page-header\"\u001b[39m\n          \u001b[36m>\u001b[39m\n            \u001b[36m<h1\u001b[39m\n              \u001b[33mclass\u001b[39m=\u001b[32m\"page-header__title\"\u001b[39m\n            \u001b[36m>\u001b[39m\n              \u001b[0mDokumente\u001b[0m\n            \u001b[36m</h1>\u001b[39m\n            \u001b[36m<span\u001b[39m\n              \u001b[33mclass\u001b[39m=\u001b[32m\"page-header__subtitle\"\u001b[39m\n            \u001b[36m>\u001b[39m\n              \u001b[0mWird geladen\u001b[0m\n            \u001b[36m</span>\u001b[39m\n          \u001b[36m</div>\u001b[39m\n          \u001b[36m<div\u001b[39m\n            \u001b[33mclass\u001b[39m=\u001b[32m\"doc-center-layout\"\u001b[39m\n            \u001b[33mstyle\u001b[39m=\u001b[32m\"display: flex; flex: 1 1 0%; gap: 12px; min-height: 0px; overflow: hidden; padding-bottom: 16px;\"\u001b[39m\n          \u001b[36m>\u001b[39m\n            \u001b[36m<aside\u001b[39m\n              \u001b[33mclass\u001b[39m=\u001b[32m\"doc-filter-panel panel\"\u001b[39m\n            \u001b[36m>\u001b[39m\n              \u001b[36m<div\u001b[39m\n                \u001b[33mclass\u001b[39m=\u001b[32m\"panel__header\"\u001b[39m\n              \u001b[36m>\u001b[39m\n                \u001b[36m<span\u001b[39m\n                  \u001b[33mclass\u001b[39m=\u001b[32m\"panel__eyebrow\"\u001b[39m\n                \u001b[36m>\u001b[39m\n                  \u001b[0mFilter\u001b[0m\n                \u001b[36m</span>\u001b[39m\n...\n    at waitForWrapper (H:\\WissenMai2026\\frontend\\node_modules\\@testing-library\\dom\\dist\\wait-for.js:163:27)\n    at H:\\WissenMai2026\\frontend\\node_modules\\@testing-library\\dom\\dist\\query-helpers.js:86:33\n    at H:/WissenMai2026/frontend/src/tests/auth/AuthBootstrap.test.jsx:302:25\n    at file:///H:/WissenMai2026/frontend/node_modules/@vitest/runner/dist/chunk-artifact.js:302:11\n    at file:///H:/WissenMai2026/frontend/node_modules/@vitest/runner/dist/chunk-artifact.js:1903:26\n    at file:///H:/WissenMai2026/frontend/node_modules/@vitest/runner/dist/chunk-artifact.js:2326:20\n    at new Promise (<anonymous>)\n    at runWithCancel (file:///H:/WissenMai2026/frontend/node_modules/@vitest/runner/dist/chunk-artifact.js:2323:10)\n    at file:///H:/WissenMai2026/frontend/node_modules/@vitest/runner/dist/chunk-artifact.js:2305:20\n    at new Promise (<anonymous>)"],"meta":{},"tags":[]},{"ancestorTitles":["Auth bootstrap"],"fullName":"Auth bootstrap revokes the session on logout and returns to login","status":"failed","title":"revokes the session on logout and returns to login","duration":1053.6634999999987,"failureMessages":["Error: Unable to find an element with the text: Keine Dokumente vorhanden. This could be because the text is broken up by multiple elements. In this case, you can provide a function for your text matcher to make your matcher more flexible.\n\nIgnored nodes: comments, script, style\n\u001b[36m<body>\u001b[39m\n  \u001b[36m<div>\u001b[39m\n    \u001b[36m<section\u001b[39m\n      \u001b[33mclass\u001b[39m=\u001b[32m\"page-stack auth-page\"\u001b[39m\n      \u001b[33mdata-testid\u001b[39m=\u001b[32m\"login-page\"\u001b[39m\n    \u001b[36m>\u001b[39m\n      \u001b[36m<div\u001b[39m\n        \u001b[33mclass\u001b[39m=\u001b[32m\"page-header\"\u001b[39m\n      \u001b[36m>\u001b[39m\n        \u001b[36m<div>\u001b[39m\n          \u001b[36m<p\u001b[39m\n            \u001b[33mclass\u001b[39m=\u001b[32m\"panel__eyebrow\"\u001b[39m\n          \u001b[36m>\u001b[39m\n            \u001b[0mM4a Auth\u001b[0m\n          \u001b[36m</p>\u001b[39m\n          \u001b[36m<h2>\u001b[39m\n            \u001b[0mAnmeldung\u001b[0m\n          \u001b[36m</h2>\u001b[39m\n        \u001b[36m</div>\u001b[39m\n        \u001b[36m<p\u001b[39m\n          \u001b[33mclass\u001b[39m=\u001b[32m\"page-header__meta\"\u001b[39m\n        \u001b[36m>\u001b[39m\n          \u001b[0mLokale Session fuer geschuetzte API-Pfade\u001b[0m\n        \u001b[36m</p>\u001b[39m\n      \u001b[36m</div>\u001b[39m\n      \u001b[36m<section\u001b[39m\n        \u001b[33mclass\u001b[39m=\u001b[32m\"panel auth-panel\"\u001b[39m\n      \u001b[36m>\u001b[39m\n        \u001b[36m<div\u001b[39m\n          \u001b[33mclass\u001b[39m=\u001b[32m\"panel__header search-bar__header\"\u001b[39m\n        \u001b[36m>\u001b[39m\n          \u001b[36m<div>\u001b[39m\n            \u001b[36m<p\u001b[39m\n              \u001b[33mclass\u001b[39m=\u001b[32m\"panel__eyebrow\"\u001b[39m\n            \u001b[36m>\u001b[39m\n              \u001b[0mSession\u001b[0m\n            \u001b[36m</p>\u001b[39m\n            \u001b[36m<h3>\u001b[39m\n              \u001b[0mMit Workspace-Kontext anmelden\u001b[0m\n            \u001b[36m</h3>\u001b[39m\n          \u001b[36m</div>\u001b[39m\n        \u001b[36m</div>\u001b[39m\n        \u001b[36m<form\u001b[39m\n          \u001b[33mclass\u001b[39m=\u001b[32m\"search-bar auth-form\"\u001b[39m\n        \u001b[36m>\u001b[39m\n          \u001b[36m<label\u001b[39m\n            \u001b[33mclass\u001b[39m=\u001b[32m\"search-bar__field\"\u001b[39m\n          \u001b[36m>\u001b[39m\n            \u001b[36m<span\u001b[39m\n              \u001b[33mclass\u001b[39m=\u001b[32m\"search-bar__label\"\u001b[39m\n            \u001b[36m>\u001b[39m\n              \u001b[0mLogin\u001b[0m\n            \u001b[36m</span>\u001b[39m\n            \u001b[36m<input\u001b[39m\n              \u001b[33mautocomplete\u001b[39m=\u001b[32m\"username\"\u001b[39m\n              \u001b[33mdata-testid\u001b[39m=\u001b[32m\"login-email\"\u001b[39m\n              \u001b[33mtype\u001b[39m=\u001b[32m\"text\"\u001b[39m\n              \u001b[33mvalue\u001b[39m=\u001b[32m\"\"\u001b[39m\n            \u001b[36m/>\u001b[39m\n          \u001b[36m</label>\u001b[39m\n          \u001b[36m<label\u001b[39m\n            \u001b[33mclass\u001b[39m=\u001b[32m\"search-bar__field\"\u001b[39m\n          \u001b[36m>\u001b[39m\n            \u001b[36m<span\u001b[39m\n              \u001b[33mclass\u001b[39m=\u001b[32m\"search-bar__label\"\u001b[39m\n            \u001b[36m>\u001b[39m\n              \u001b[0mPasswort\u001b[0m\n            \u001b[36m</span>\u001b[39m\n            \u001b[36m<input\u001b[39m\n              \u001b[33mautocomplete\u001b[39m=\u001b[32m\"current-password\"\u001b[39m\n              \u001b[33mdata-testid\u001b[39m=\u001b[32m\"login-password\"\u001b[39m\n              \u001b[33mtype\u001b[39m=\u001b[32m\"password\"\u001b[39m\n              \u001b[33mvalue\u001b[39m=\u001b[32m\"\"\u001b[39m\n            \u001b[36m/>\u001b[39m\n          \u001b[36m</label>\u001b[39m\n          \u001b[36m<div\u001b[39m\n            \u001b[33mclass\u001b[39m=\u001b[32m\"search-bar__actions\"\u001b[39m\n          \u001b[36m>\u001b[39m\n            \u001b[36m<button\u001b[39m\n              \u001b[33mdata-testid\u001b[39m=\u001b[32m\"login-submit\"\u001b[39m\n              \u001b[33mtype\u001b[39m=\u001b[32m\"submit\"\u001b[39m\n            \u001b[36m>\u001b[39m\n              \u001b[0mAnmelden\u001b[0m\n            \u001b[36m</button>\u001b[39m\n          \u001b[36m</div>\u001b[39m\n        \u001b[36m</form>\u001b[39m\n      \u001b[36m</section>\u001b[39m\n    \u001b[36m</section>\u001b[39m\n  \u001b[36m</div>\u001b[39m\n\u001b[36m</body>\u001b[39m\n    at waitForWrapper (H:\\WissenMai2026\\frontend\\node_modules\\@testing-library\\dom\\dist\\wait-for.js:163:27)\n    at H:\\WissenMai2026\\frontend\\node_modules\\@testing-library\\dom\\dist\\query-helpers.js:86:33\n    at H:/WissenMai2026/frontend/src/tests/auth/AuthBootstrap.test.jsx:382:25\n    at file:///H:/WissenMai2026/frontend/node_modules/@vitest/runner/dist/chunk-artifact.js:302:11\n    at file:///H:/WissenMai2026/frontend/node_modules/@vitest/runner/dist/chunk-artifact.js:1903:26\n    at file:///H:/WissenMai2026/frontend/node_modules/@vitest/runner/dist/chunk-artifact.js:2326:20\n    at new Promise (<anonymous>)\n    at runWithCancel (file:///H:/WissenMai2026/frontend/node_modules/@vitest/runner/dist/chunk-artifact.js:2323:10)\n    at file:///H:/WissenMai2026/frontend/node_modules/@vitest/runner/dist/chunk-artifact.js:2305:20\n    at new Promise (<anonymous>)"],"meta":{},"tags":[]}],"startTime":1781263177356,"endTime":1781263182384.6636,"status":"failed","message":"","name":"H:/WissenMai2026/frontend/src/tests/auth/AuthBootstrap.test.jsx"},{"assertionResults":[{"ancestorTitles":["GUI state invariants"],"fullName":"GUI state invariants validates only explicit workspace memberships","status":"passed","title":"validates only explicit workspace memberships","duration":4.526799999999639,"failureMessages":[],"meta":{},"tags":[]},{"ancestorTitles":["GUI state invariants"],"fullName":"GUI state invariants rejects missing workspace membership","status":"passed","title":"rejects missing workspace membership","duration":0.5048999999999069,"failureMessages":[],"meta":{},"tags":[]},{"ancestorTitles":["GUI state invariants"],"fullName":"GUI state invariants rejects active workspace outside memberships","status":"passed","title":"rejects active workspace outside memberships","duration":0.322400000000016,"failureMessages":[],"meta":{},"tags":[]},{"ancestorTitles":["GUI state invariants"],"fullName":"GUI state invariants treats bootstrap errors as invalid workspace guards","status":"passed","title":"treats bootstrap errors as invalid workspace guards","duration":0.16499999999996362,"failureMessages":[],"meta":{},"tags":[]},{"ancestorTitles":["GUI state invariants"],"fullName":"GUI state invariants allows retry only for transient bootstrap errors","status":"passed","title":"allows retry only for transient bootstrap errors","duration":0.28849999999965803,"failureMessages":[],"meta":{},"tags":[]}],"startTime":1781263187688,"endTime":1781263187694.2886,"status":"passed","message":"","name":"H:/WissenMai2026/frontend/src/tests/auth/StateInvariants.test.js"},{"assertionResults":[{"ancestorTitles":["header enforcement"],"fullName":"header enforcement sets Authorization header from context","status":"passed","title":"sets Authorization header from context","duration":6.724699999999757,"failureMessages":[],"meta":{},"tags":[]},{"ancestorTitles":["header enforcement"],"fullName":"header enforcement sets X-Workspace-Id header from context","status":"passed","title":"sets X-Workspace-Id header from context","duration":1.073500000000422,"failureMessages":[],"meta":{},"tags":[]},{"ancestorTitles":["header enforcement"],"fullName":"header enforcement does not set Authorization when context has no token","status":"passed","title":"does not set Authorization when context has no token","duration":2.86449999999968,"failureMessages":[],"meta":{},"tags":[]},{"ancestorTitles":["header enforcement"],"fullName":"header enforcement does not set X-Workspace-Id when context has no workspace","status":"passed","title":"does not set X-Workspace-Id when context has no workspace","duration":1.6441999999997279,"failureMessages":[],"meta":{},"tags":[]},{"ancestorTitles":["header enforcement"],"fullName":"header enforcement caller-provided Authorization header is silently discarded","status":"passed","title":"caller-provided Authorization header is silently discarded","duration":0.9882999999999811,"failureMessages":[],"meta":{},"tags":[]},{"ancestorTitles":["header enforcement"],"fullName":"header enforcement caller-provided X-Workspace-Id header is silently discarded","status":"passed","title":"caller-provided X-Workspace-Id header is silently discarded","duration":0.6023000000004686,"failureMessages":[],"meta":{},"tags":[]},{"ancestorTitles":["header enforcement"],"fullName":"header enforcement caller-provided central headers are discarded case-insensitively","status":"passed","title":"caller-provided central headers are discarded case-insensitively","duration":0.7820000000001528,"failureMessages":[],"meta":{},"tags":[]},{"ancestorTitles":["header enforcement"],"fullName":"header enforcement normalizes Headers instances without allowing central header overrides","status":"passed","title":"normalizes Headers instances without allowing central header overrides","duration":1.7442999999993845,"failureMessages":[],"meta":{},"tags":[]},{"ancestorTitles":["header enforcement"],"fullName":"header enforcement auto-infers Content-Type application/json for string bodies","status":"passed","title":"auto-infers Content-Type application/json for string bodies","duration":1.477299999999559,"failureMessages":[],"meta":{},"tags":[]},{"ancestorTitles":["header enforcement"],"fullName":"header enforcement does not set Content-Type for FormData bodies","status":"passed","title":"does not set Content-Type for FormData bodies","duration":3.163300000000163,"failureMessages":[],"meta":{},"tags":[]},{"ancestorTitles":["header enforcement"],"fullName":"header enforcement forwards correlationId as X-Correlation-Id","status":"passed","title":"forwards correlationId as X-Correlation-Id","duration":0.5132000000003245,"failureMessages":[],"meta":{},"tags":[]},{"ancestorTitles":["header enforcement"],"fullName":"header enforcement omits X-Correlation-Id when correlationId is not provided","status":"passed","title":"omits X-Correlation-Id when correlationId is not provided","duration":0.339799999999741,"failureMessages":[],"meta":{},"tags":[]},{"ancestorTitles":["network error classification"],"fullName":"network error classification maps unreachable backend to API_UNREACHABLE","status":"passed","title":"maps unreachable backend to API_UNREACHABLE","duration":4.229800000000068,"failureMessages":[],"meta":{},"tags":[]},{"ancestorTitles":["network error classification"],"fullName":"network error classification maps CORS-like fetch failures to API_UNREACHABLE","status":"passed","title":"maps CORS-like fetch failures to API_UNREACHABLE","duration":4.907500000000255,"failureMessages":[],"meta":{},"tags":[]},{"ancestorTitles":["network error classification"],"fullName":"network error classification maps AbortError to TIMEOUT","status":"passed","title":"maps AbortError to TIMEOUT","duration":1.5486000000000786,"failureMessages":[],"meta":{},"tags":[]},{"ancestorTitles":["HTTP error classification"],"fullName":"HTTP error classification maps 401 to AUTH_REQUIRED","status":"passed","title":"maps 401 to AUTH_REQUIRED","duration":5.17069999999967,"failureMessages":[],"meta":{},"tags":[]},{"ancestorTitles":["HTTP error classification"],"fullName":"HTTP error classification maps WORKSPACE_REQUIRED payload to WORKSPACE_NOT_CONFIGURED","status":"passed","title":"maps WORKSPACE_REQUIRED payload to WORKSPACE_NOT_CONFIGURED","duration":1.022700000000441,"failureMessages":[],"meta":{},"tags":[]},{"ancestorTitles":["HTTP error classification"],"fullName":"HTTP error classification maps WORKSPACE_NOT_CONFIGURED payload to WORKSPACE_NOT_CONFIGURED","status":"passed","title":"maps WORKSPACE_NOT_CONFIGURED payload to WORKSPACE_NOT_CONFIGURED","duration":4.473199999999451,"failureMessages":[],"meta":{},"tags":[]},{"ancestorTitles":["HTTP error classification"],"fullName":"HTTP error classification maps WORKSPACE_ACCESS_FORBIDDEN payload to FORBIDDEN","status":"passed","title":"maps WORKSPACE_ACCESS_FORBIDDEN payload to FORBIDDEN","duration":0.7810999999992418,"failureMessages":[],"meta":{},"tags":[]},{"ancestorTitles":["HTTP error classification"],"fullName":"HTTP error classification maps bare 403 to FORBIDDEN","status":"passed","title":"maps bare 403 to FORBIDDEN","duration":0.7875000000003638,"failureMessages":[],"meta":{},"tags":[]},{"ancestorTitles":["HTTP error classification"],"fullName":"HTTP error classification maps 422 to VALIDATION_ERROR","status":"passed","title":"maps 422 to VALIDATION_ERROR","duration":0.6536999999998443,"failureMessages":[],"meta":{},"tags":[]},{"ancestorTitles":["HTTP error classification"],"fullName":"HTTP error classification keeps backend domain code in details while exposing stable classification","status":"passed","title":"keeps backend domain code in details while exposing stable classification","duration":0.5816999999997279,"failureMessages":[],"meta":{},"tags":[]},{"ancestorTitles":["HTTP error classification"],"fullName":"HTTP error classification maps 400 with VALIDATION_ERROR code to VALIDATION_ERROR","status":"passed","title":"maps 400 with VALIDATION_ERROR code to VALIDATION_ERROR","duration":0.6294000000007145,"failureMessages":[],"meta":{},"tags":[]},{"ancestorTitles":["HTTP error classification"],"fullName":"HTTP error classification maps 400 with INVALID_INPUT code to VALIDATION_ERROR","status":"passed","title":"maps 400 with INVALID_INPUT code to VALIDATION_ERROR","duration":0.5630999999993946,"failureMessages":[],"meta":{},"tags":[]},{"ancestorTitles":["HTTP error classification"],"fullNa
[...]
uth\u001b[0m\n          \u001b[36m</p>\u001b[39m\n          \u001b[36m<h2>\u001b[39m\n            \u001b[0mAnmeldung\u001b[0m\n          \u001b[36m</h2>\u001b[39m\n        \u001b[36m</div>\u001b[39m\n        \u001b[36m<p\u001b[39m\n          \u001b[33mclass\u001b[39m=\u001b[32m\"page-header__meta\"\u001b[39m\n        \u001b[36m>\u001b[39m\n          \u001b[0mLokale Session fuer geschuetzte API-Pfade\u001b[0m\n        \u001b[36m</p>\u001b[39m\n      \u001b[36m</div>\u001b[39m\n      \u001b[36m<section\u001b[39m\n        \u001b[33mclass\u001b[39m=\u001b[32m\"panel auth-panel\"\u001b[39m\n      \u001b[36m>\u001b[39m\n        \u001b[36m<div\u001b[39m\n          \u001b[33mclass\u001b[39m=\u001b[32m\"panel__header search-bar__header\"\u001b[39m\n        \u001b[36m>\u001b[39m\n          \u001b[36m<div>\u001b[39m\n            \u001b[36m<p\u001b[39m\n              \u001b[33mclass\u001b[39m=\u001b[32m\"panel__eyebrow\"\u001b[39m\n            \u001b[36m>\u001b[39m\n              \u001b[0mSession\u001b[0m\n            \u001b[36m</p>\u001b[39m\n            \u001b[36m<h3>\u001b[39m\n              \u001b[0mMit Workspace-Kontext anmelden\u001b[0m\n            \u001b[36m</h3>\u001b[39m\n          \u001b[36m</div>\u001b[39m\n        \u001b[36m</div>\u001b[39m\n        \u001b[36m<form\u001b[39m\n          \u001b[33mclass\u001b[39m=\u001b[32m\"search-bar auth-form\"\u001b[39m\n        \u001b[36m>\u001b[39m\n          \u001b[36m<label\u001b[39m\n            \u001b[33mclass\u001b[39m=\u001b[32m\"search-bar__field\"\u001b[39m\n          \u001b[36m>\u001b[39m\n            \u001b[36m<span\u001b[39m\n              \u001b[33mclass\u001b[39m=\u001b[32m\"search-bar__label\"\u001b[39m\n            \u001b[36m>\u001b[39m\n              \u001b[0mLogin\u001b[0m\n            \u001b[36m</span>\u001b[39m\n            \u001b[36m<input\u001b[39m\n              \u001b[33mautocomplete\u001b[39m=\u001b[32m\"username\"\u001b[39m\n              \u001b[33mdata-testid\u001b[39m=\u001b[32m\"login-email\"\u001b[39m\n              \u001b[33mtype\u001b[39m=\u001b[32m\"text\"\u001b[39m\n              \u001b[33mvalue\u001b[39m=\u001b[32m\"\"\u001b[39m\n            \u001b[36m/>\u001b[39m\n          \u001b[36m</label>\u001b[39m\n          \u001b[36m<label\u001b[39m\n            \u001b[33mclass\u001b[39m=\u001b[32m\"search-bar__field\"\u001b[39m\n          \u001b[36m>\u001b[39m\n            \u001b[36m<span\u001b[39m\n              \u001b[33mclass\u001b[39m=\u001b[32m\"search-bar__label\"\u001b[39m\n            \u001b[36m>\u001b[39m\n              \u001b[0mPasswort\u001b[0m\n            \u001b[36m</span>\u001b[39m\n            \u001b[36m<input\u001b[39m\n              \u001b[33mautocomplete\u001b[39m=\u001b[32m\"current-password\"\u001b[39m\n              \u001b[33mdata-testid\u001b[39m=\u001b[32m\"login-password\"\u001b[39m\n              \u001b[33mtype\u001b[39m=\u001b[32m\"password\"\u001b[39m\n              \u001b[33mvalue\u001b[39m=\u001b[32m\"\"\u001b[39m\n            \u001b[36m/>\u001b[39m\n          \u001b[36m</label>\u001b[39m\n          \u001b[36m<div\u001b[39m\n            \u001b[33mclass\u001b[39m=\u001b[32m\"search-bar__actions\"\u001b[39m\n          \u001b[36m>\u001b[39m\n            \u001b[36m<button\u001b[39m\n              \u001b[33mdata-testid\u001b[39m=\u001b[32m\"login-submit\"\u001b[39m\n              \u001b[33mtype\u001b[39m=\u001b[32m\"submit\"\u001b[39m\n            \u001b[36m>\u001b[39m\n              \u001b[0mAnmelden\u001b[0m\n            \u001b[36m</button>\u001b[39m\n          \u001b[36m</div>\u001b[39m\n        \u001b[36m</form>\u001b[39m\n      \u001b[36m</section>\u001b[39m\n    \u001b[36m</section>\u001b[39m\n  \u001b[36m</div>\u001b[39m\n\u001b[36m</body>\u001b[39m\n    at waitForWrapper (H:\\WissenMai2026\\frontend\\node_modules\\@testing-library\\dom\\dist\\wait-for.js:163:27)\n    at H:\\WissenMai2026\\frontend\\node_modules\\@testing-library\\dom\\dist\\query-helpers.js:86:33\n    at H:/WissenMai2026/frontend/src/tests/app/GuiChaosSuite.test.jsx:309:26\n    at file:///H:/WissenMai2026/frontend/node_modules/@vitest/runner/dist/chunk-artifact.js:302:11\n    at file:///H:/WissenMai2026/frontend/node_modules/@vitest/runner/dist/chunk-artifact.js:1903:26\n    at file:///H:/WissenMai2026/frontend/node_modules/@vitest/runner/dist/chunk-artifact.js:2326:20\n    at new Promise (<anonymous>)\n    at runWithCancel (file:///H:/WissenMai2026/frontend/node_modules/@vitest/runner/dist/chunk-artifact.js:2323:10)\n    at file:///H:/WissenMai2026/frontend/node_modules/@vitest/runner/dist/chunk-artifact.js:2305:20\n    at new Promise (<anonymous>)"],"meta":{},"tags":[]},{"ancestorTitles":["GUI chaos suite"],"fullName":"GUI chaos suite simulates queue backlog as a critical degraded state","status":"failed","title":"simulates queue backlog as a critical degraded state","duration":1032.6275999999998,"failureMessages":["Error: Unable to find an element with the text: Queue degraded. This could be because the text is broken up by multiple elements. In this case, you can provide a function for your text matcher to make your matcher more flexible.\n\nIgnored nodes: comments, script, style\n\u001b[36m<body>\u001b[39m\n  \u001b[36m<div>\u001b[39m\n    \u001b[36m<section\u001b[39m\n      \u001b[33mclass\u001b[39m=\u001b[32m\"page-stack auth-page\"\u001b[39m\n      \u001b[33mdata-testid\u001b[39m=\u001b[32m\"login-page\"\u001b[39m\n    \u001b[36m>\u001b[39m\n      \u001b[36m<div\u001b[39m\n        \u001b[33mclass\u001b[39m=\u001b[32m\"page-header\"\u001b[39m\n      \u001b[36m>\u001b[39m\n        \u001b[36m<div>\u001b[39m\n          \u001b[36m<p\u001b[39m\n            \u001b[33mclass\u001b[39m=\u001b[32m\"panel__eyebrow\"\u001b[39m\n          \u001b[36m>\u001b[39m\n            \u001b[0mM4a Auth\u001b[0m\n          \u001b[36m</p>\u001b[39m\n          \u001b[36m<h2>\u001b[39m\n            \u001b[0mAnmeldung\u001b[0m\n          \u001b[36m</h2>\u001b[39m\n        \u001b[36m</div>\u001b[39m\n        \u001b[36m<p\u001b[39m\n          \u001b[33mclass\u001b[39m=\u001b[32m\"page-header__meta\"\u001b[39m\n        \u001b[36m>\u001b[39m\n          \u001b[0mLokale Session fuer geschuetzte API-Pfade\u001b[0m\n        \u001b[36m</p>\u001b[39m\n      \u001b[36m</div>\u001b[39m\n      \u001b[36m<section\u001b[39m\n        \u001b[33mclass\u001b[39m=\u001b[32m\"panel auth-panel\"\u001b[39m\n      \u001b[36m>\u001b[39m\n        \u001b[36m<div\u001b[39m\n          \u001b[33mclass\u001b[39m=\u001b[32m\"panel__header search-bar__header\"\u001b[39m\n        \u001b[36m>\u001b[39m\n          \u001b[36m<div>\u001b[39m\n            \u001b[36m<p\u001b[39m\n              \u001b[33mclass\u001b[39m=\u001b[32m\"panel__eyebrow\"\u001b[39m\n            \u001b[36m>\u001b[39m\n              \u001b[0mSession\u001b[0m\n            \u001b[36m</p>\u001b[39m\n            \u001b[36m<h3>\u001b[39m\n              \u001b[0mMit Workspace-Kontext anmelden\u001b[0m\n            \u001b[36m</h3>\u001b[39m\n          \u001b[36m</div>\u001b[39m\n        \u001b[36m</div>\u001b[39m\n        \u001b[36m<form\u001b[39m\n          \u001b[33mclass\u001b[39m=\u001b[32m\"search-bar auth-form\"\u001b[39m\n        \u001b[36m>\u001b[39m\n          \u001b[36m<label\u001b[39m\n            \u001b[33mclass\u001b[39m=\u001b[32m\"search-bar__field\"\u001b[39m\n          \u001b[36m>\u001b[39m\n            \u001b[36m<span\u001b[39m\n              \u001b[33mclass\u001b[39m=\u001b[32m\"search-bar__label\"\u001b[39m\n            \u001b[36m>\u001b[39m\n              \u001b[0mLogin\u001b[0m\n            \u001b[36m</span>\u001b[39m\n            \u001b[36m<input\u001b[39m\n              \u001b[33mautocomplete\u001b[39m=\u001b[32m\"username\"\u001b[39m\n              \u001b[33mdata-testid\u001b[39m=\u001b[32m\"login-email\"\u001b[39m\n              \u001b[33mtype\u001b[39m=\u001b[32m\"text\"\u001b[39m\n              \u001b[33mvalue\u001b[39m=\u001b[32m\"\"\u001b[39m\n            \u001b[36m/>\u001b[39m\n          \u001b[36m</label>\u001b[39m\n          \u001b[36m<label\u001b[39m\n            \u001b[33mclass\u001b[39m=\u001b[32m\"search-bar__field\"\u001b[39m\n          \u001b[36m>\u001b[39m\n            \u001b[36m<span\u001b[39m\n              \u001b[33mclass\u001b[39m=\u001b[32m\"search-bar__label\"\u001b[39m\n            \u001b[36m>\u001b[39m\n              \u001b[0mPasswort\u001b[0m\n            \u001b[36m</span>\u001b[39m\n            \u001b[36m<input\u001b[39m\n              \u001b[33mautocomplete\u001b[39m=\u001b[32m\"current-password\"\u001b[39m\n              \u001b[33mdata-testid\u001b[39m=\u001b[32m\"login-password\"\u001b[39m\n              \u001b[33mtype\u001b[39m=\u001b[32m\"password\"\u001b[39m\n              \u001b[33mvalue\u001b[39m=\u001b[32m\"\"\u001b[39m\n            \u001b[36m/>\u001b[39m\n          \u001b[36m</label>\u001b[39m\n          \u001b[36m<div\u001b[39m\n            \u001b[33mclass\u001b[39m=\u001b[32m\"search-bar__actions\"\u001b[39m\n          \u001b[36m>\u001b[39m\n            \u001b[36m<button\u001b[39m\n              \u001b[33mdata-testid\u001b[39m=\u001b[32m\"login-submit\"\u001b[39m\n              \u001b[33mtype\u001b[39m=\u001b[32m\"submit\"\u001b[39m\n            \u001b[36m>\u001b[39m\n              \u001b[0mAnmelden\u001b[0m\n            \u001b[36m</button>\u001b[39m\n          \u001b[36m</div>\u001b[39m\n        \u001b[36m</form>\u001b[39m\n      \u001b[36m</section>\u001b[39m\n    \u001b[36m</section>\u001b[39m\n  \u001b[36m</div>\u001b[39m\n\u001b[36m</body>\u001b[39m\n    at waitForWrapper (H:\\WissenMai2026\\frontend\\node_modules\\@testing-library\\dom\\dist\\wait-for.js:163:27)\n    at H:\\WissenMai2026\\frontend\\node_modules\\@testing-library\\dom\\dist\\query-helpers.js:86:33\n    at H:/WissenMai2026/frontend/src/tests/app/GuiChaosSuite.test.jsx:342:26\n    at file:///H:/WissenMai2026/frontend/node_modules/@vitest/runner/dist/chunk-artifact.js:302:11\n    at file:///H:/WissenMai2026/frontend/node_modules/@vitest/runner/dist/chunk-artifact.js:1903:26\n    at file:///H:/WissenMai2026/frontend/node_modules/@vitest/runner/dist/chunk-artifact.js:2326:20\n    at new Promise (<anonymous>)\n    at runWithCancel (file:///H:/WissenMai2026/frontend/node_modules/@vitest/runner/dist/chunk-artifact.js:2323:10)\n    at file:///H:/WissenMai2026/frontend/node_modules/@vitest/runner/dist/chunk-artifact.js:2305:20\n    at new Promise (<anonymous>)"],"meta":{},"tags":[]}],"startTime":1781263177347,"endTime":1781263185997.6277,"status":"failed","message":"","name":"H:/WissenMai2026/frontend/src/tests/app/GuiChaosSuite.test.jsx"},{"assertionResults":[{"ancestorTitles":["Error-State-Catalog"],"fullName":"Error-State-Catalog defines all required GUI error states with action, retry flag and logging","status":"passed","title":"defines all required GUI error states with action, retry flag and logging","duration":11.39220000000023,"failureMessages":[],"meta":{},"tags":[]},{"ancestorTitles":["Error-State-Catalog"],"fullName":"Error-State-Catalog allows retry only for unreachable, timeout and server error states","status":"passed","title":"allows retry only for unreachable, timeout and server error states","duration":0.4644000000007509,"failureMessages":[],"meta":{},"tags":[]},{"ancestorTitles":["Error-State-Catalog"],"fullName":"Error-State-Catalog maps backend domain codes to standard GUI states","status":"passed","title":"maps backend domain codes to standard GUI states","duration":2.158599999999751,"failureMessages":[],"meta":{},"tags":[]},{"ancestorTitles":["Error-State-Catalog"],"fullName":"Error-State-Catalog keeps backend code visible while using client classification as fallback","status":"passed","title":"keeps backend code visible while using client classification as fallback","duration":0.38369999999940774,"failureMessages":[],"meta":{},"tags":[]},{"ancestorTitles":["Error-State-Catalog"],"fullName":"Error-State-Catalog maps local GUI aliases into the standard technical classes","status":"passed","title":"maps local GUI aliases into the standard technical classes","duration":0.3703000000004977,"failureMessages":[],"meta":{},"tags":[]},{"ancestorTitles":["Error-State-Catalog"],"fullName":"Error-State-Catalog maps duplicate import result to controlled duplicate state","status":"passed","title":"maps duplicate import result to controlled duplicate state","duration":0.4011000000000422,"failureMessages":[],"meta":{},"tags":[]}],"startTime":1781263185575,"endTime":1781263185590.4011,"status":"passed","message":"","name":"H:/WissenMai2026/frontend/src/tests/view-models/ErrorCatalog.test.js"},{"assertionResults":[{"ancestorTitles":["ErrorState"],"fullName":"ErrorState renders standardized action, technical code and logging metadata","status":"passed","title":"renders standardized action, technical code and logging metadata","duration":270.2373000000007,"failureMessages":[],"meta":{},"tags":[]},{"ancestorTitles":["ErrorState"],"fullName":"ErrorState does not render a retry button unless an explicit action handler is provided","status":"passed","title":"does not render a retry button unless an explicit action handler is provided","duration":9.377600000000712,"failureMessages":[],"meta":{},"tags":[]}],"startTime":1781263184425,"endTime":1781263184705.3777,"status":"passed","message":"","name":"H:/WissenMai2026/frontend/src/tests/components/ErrorState.test.jsx"},{"assertionResults":[{"ancestorTitles":["DriftDashboard - Sichtbarkeit"],"fullName":"DriftDashboard - Sichtbarkeit rendert das Dashboard","status":"passed","title":"rendert das Dashboard","duration":92.27549999999974,"failureMessages":[],"meta":{},"tags":[]},{"ancestorTitles":["DriftDashboard - Letzter Drift Run"],"fullName":"DriftDashboard - Letzter Drift Run zeigt das Last-Run-Widget","status":"passed","title":"zeigt das Last-Run-Widget","duration":17.924399999999878,"failureMessages":[],"meta":{},"tags":[]},{"ancestorTitles":["DriftDashboard - Letzter Drift Run"],"fullName":"DriftDashboard - Letzter Drift Run zeigt run_id an","status":"passed","title":"zeigt run_id an","duration":14.920900000000074,"failureMessages":[],"meta":{},"tags":[]},{"ancestorTitles":["DriftDashboard - Letzter Drift Run"],"fullName":"DriftDashboard - Letzter Drift Run zeigt Meldung wenn kein Run vorhanden","status":"passed","title":"zeigt Meldung wenn kein Run vorhanden","duration":14.832300000000032,"failureMessages":[],"meta":{},"tags":[]},{"ancestorTitles":["DriftDashboard - Severity Breakdown"],"fullName":"DriftDashboard - Severity Breakdown zeigt das Severity-Breakdown-Widget","status":"passed","title":"zeigt das Severity-Breakdown-Widget","duration":16.459100000000035,"failureMessages":[],"meta":{},"tags":[]},{"ancestorTitles":["DriftDashboard - Severity Breakdown"],"fullName":"DriftDashboard - Severity Breakdown zeigt alle vier Severity-Werte","status":"passed","title":"zeigt alle vier Severity-Werte","duration":17.793399999999565,"failureMessages":[],"meta":{},"tags":[]},{"ancestorTitles":["DriftDashboard - Type Breakdown"],"fullName":"DriftDashboard - Type Breakdown zeigt das Type-Breakdown-Widget","status":"passed","title":"zeigt das Type-Breakdown-Widget","duration":16.11279999999988,"failureMessages":[],"meta":{},"tags":[]},{"ancestorTitles":["DriftDashboard - Type Breakdown"],"fullName":"DriftDashboard - Type Breakdown zeigt alle vier Finding-Typen","status":"passed","title":"zeigt alle vier Finding-Typen","duration":15.805299999999988,"failureMessages":[],"meta":{},"tags":[]},{"ancestorTitles":["DriftDashboard - Findings Tabelle"],"fullName":"DriftDashboard - Findings Tabelle zeigt die Findings-Tabelle","status":"passed","title":"zeigt die Findings-Tabelle","duration":14.686900000000605,"failureMessages":[],"meta":{},"tags":[]},{"ancestorTitles":["DriftDashboard - Findings Tabelle"],"fullName":"DriftDashboard - Findings Tabelle zeigt Finding-Rows","status":"passed","title":"zeigt Finding-Rows","duration":14.841300000000047,"failureMessages":[],"meta":{},"tags":[]},{"ancestorTitles":["DriftDashboard - Findings Tabelle"],"fullName":"DriftDashboard - Findings Tabelle zeigt Meldung wenn keine Findings","status":"passed","title":"zeigt Meldung wenn keine Findings","duration":8.923900000000685,"failureMessages":[],"meta":{},"tags":[]},{"ancestorTitles":["DriftDashboard - Filter Severity"],"fullName":"DriftDashboard - Filter Severity zeigt die Severity-Filter-Dropdown","status":"passed","title":"zeigt die Severity-Filter-Dropdown","duration":11.788700000000063,"failureMessages":[],"meta":{},"tags":[]},{"ancestorTitles":["DriftDashboard - Filter Severity"],"fullName":"DriftDashboard - Filter Severity ruft useDriftData mit Severity-Filter auf wenn Auswahl geaendert","status":"passed","title":"ruft useDriftData mit Severity-Filter auf wenn Auswahl geaendert","duration":31.77890000000025,"failureMessages":[],"meta":{},"tags":[]},{"ancestorTitles":["DriftDashboard - Filter Type"],"fullName":"DriftDashboard - Filter Type zeigt die Type-Filter-Dropdown","status":"passed","title":"zeigt die Type-Filter-Dropdown","duration":15.077300000000832,"failureMessages":[],"meta":{},"tags":[]},{"ancestorTitles":["DriftDashboard - Filter Type"],"fullName":"DriftDashboard - Filter Type ruft useDriftData mit Type-Filter auf wenn Auswahl geaendert","status":"passed","title":"ruft useDriftData mit Type-Filter auf wenn Auswahl geaendert","duration":19.838600000000042,"failureMessages":[],"meta":{},"tags":[]},{"ancestorTitles":["DriftDashboard - Keine Repair Buttons (PROHIBIT-02)"],"fullName":"DriftDashboard - Keine Repair Buttons (PROHIBIT-02) hat keinen Button mit Text \"Repair\" oder \"Reparieren\"","status":"passed","title":"hat keinen Button mit Text \"Repair\" oder \"Reparieren\"","duration":15.266999999999825,"failureMessages":[],"meta":{},"tags":[]},{"ancestorTitles":["DriftDashboard - Keine Repair Buttons (PROHIBIT-02)"],"fullName":"DriftDashboard - Keine Repair Buttons (PROHIBIT-02) hat kein Element mit data-testid \"repair\"","status":"passed","title":"hat kein Element mit data-testid \"repair\"","duration":23.803100000000086,"failureMessages":[],"meta":{},"tags":[]},{"ancestorTitles":["DriftDashboard - Keine Cleanup Buttons (PROHIBIT-06)"],"fullName":"DriftDashboard - Keine Cleanup Buttons (PROHIBIT-06) hat keinen Button mit Text \"Cleanup\" oder \"Bereinigen\"","status":"passed","title":"hat keinen Button mit Text \"Cleanup\" oder \"Bereinigen\"","duration":12.864000000000487,"failureMessages":[],"meta":{},"tags":[]},{"ancestorTitles":["DriftDashboard - Keine Cleanup Buttons (PROHIBIT-06)"],"fullName":"DriftDashboard - Keine Cleanup Buttons (PROHIBIT-06) hat kein Element mit data-testid \"cleanup\"","status":"passed","title":"hat kein Element mit data-testid \"cleanup\"","duration":14.109800000000178,"failureMessages":[],"meta":{},"tags":[]},{"ancestorTitles":["DriftDashboard - API Fehler Anzeige"],"fullName":"DriftDashboard - API Fehler Anzeige zeigt das Error-Element bei API-Fehler","status":"passed","title":"zeigt das Error-Element bei API-Fehler","duration":5.076299999999719,"failureMessages":[],"meta":{},"tags":[]},{"ancestorTitles":["DriftDashboard - API Fehler Anzeige"],"fullName":"DriftDashboard - API Fehler Anzeige zeigt die Fehlermeldung an","status":"passed","title":"zeigt die Fehlermeldung an","duration":4.530699999999342,"failureMessages":[],"meta":{},"tags":[]},{"ancestorTitles":["DriftDashboard - API Fehler Anzeige"],"fullName":"DriftDashboard - API Fehler Anzeige hat role=alert am Fehler-Element","status":"passed","title":"hat role=alert am Fehler-Element","duration":191.10379999999986,"failureMessages":[],"meta":{},"tags":[]},{"ancestorTitles":["DriftDashboard - API Fehler Anzeige"],"fullName":"DriftDashboard - API Fehler Anzeige zeigt kein Fehler-Element wenn kein Fehler","status":"passed","title":"zeigt kein Fehler-Element wenn kein Fehler","duration":34.07249999999931,"failureMessages":[],"meta":{},"tags":[]}],"startTime":1781263183827,"endTime":1781263184453.0725,"status":"passed","message":"","name":"H:/WissenMai2026/frontend/src/tests/features/DriftDashboard.test.jsx"}]}